ARM GAS  C:\Users\UNIPRO~1\AppData\Local\Temp\ccJhCu0P.s 			page 1


   1              		.syntax unified
   2              		.cpu cortex-m3
   3              		.fpu softvfp
   4              		.eabi_attribute 20, 1
   5              		.eabi_attribute 21, 1
   6              		.eabi_attribute 23, 3
   7              		.eabi_attribute 24, 1
   8              		.eabi_attribute 25, 1
   9              		.eabi_attribute 26, 1
  10              		.eabi_attribute 30, 1
  11              		.eabi_attribute 34, 1
  12              		.eabi_attribute 18, 4
  13              		.thumb
  14              		.syntax unified
  15              		.file	"cymetadata.c"
  16              		.text
  17              	.Ltext0:
  18              		.cfi_sections	.debug_frame
  19              		.global	cy_metadata
  20              		.global	cy_meta_flashprotect
  21              		.global	cy_meta_wonvl
  22              		.global	cy_meta_custnvl
  23              		.global	cy_meta_configecc
  24              		.section	.cyconfigecc,"a",%progbits
  25              		.align	2
  26              		.type	cy_meta_configecc, %object
  27              		.size	cy_meta_configecc, 892
  28              	cy_meta_configecc:
  29 0000 03       		.byte	3
  30 0001 65       		.byte	101
  31 0002 00       		.byte	0
  32 0003 40       		.byte	64
  33 0004 01       		.byte	1
  34 0005 0B       		.byte	11
  35 0006 01       		.byte	1
  36 0007 40       		.byte	64
  37 0008 04       		.byte	4
  38 0009 0C       		.byte	12
  39 000a 01       		.byte	1
  40 000b 40       		.byte	64
  41 000c 01       		.byte	1
  42 000d 0D       		.byte	13
  43 000e 01       		.byte	1
  44 000f 40       		.byte	64
  45 0010 01       		.byte	1
  46 0011 15       		.byte	21
  47 0012 01       		.byte	1
  48 0013 40       		.byte	64
  49 0014 6F       		.byte	111
  50 0015 18       		.byte	24
  51 0016 01       		.byte	1
  52 0017 40       		.byte	64
  53 0018 39       		.byte	57
  54 0019 19       		.byte	25
  55 001a 01       		.byte	1
  56 001b 40       		.byte	64
  57 001c 62       		.byte	98
ARM GAS  C:\Users\UNIPRO~1\AppData\Local\Temp\ccJhCu0P.s 			page 2


  58 001d 1A       		.byte	26
  59 001e 01       		.byte	1
  60 001f 40       		.byte	64
  61 0020 48       		.byte	72
  62 0021 1B       		.byte	27
  63 0022 01       		.byte	1
  64 0023 40       		.byte	64
  65 0024 04       		.byte	4
  66 0025 44       		.byte	68
  67 0026 01       		.byte	1
  68 0027 40       		.byte	64
  69 0028 02       		.byte	2
  70 0029 45       		.byte	69
  71 002a 01       		.byte	1
  72 002b 40       		.byte	64
  73 002c 05       		.byte	5
  74 002d 46       		.byte	70
  75 002e 01       		.byte	1
  76 002f 40       		.byte	64
  77 0030 02       		.byte	2
  78 0031 47       		.byte	71
  79 0032 01       		.byte	1
  80 0033 40       		.byte	64
  81 0034 02       		.byte	2
  82 0035 48       		.byte	72
  83 0036 01       		.byte	1
  84 0037 40       		.byte	64
  85 0038 01       		.byte	1
  86 0039 49       		.byte	73
  87 003a 01       		.byte	1
  88 003b 40       		.byte	64
  89 003c 02       		.byte	2
  90 003d 4C       		.byte	76
  91 003e 01       		.byte	1
  92 003f 40       		.byte	64
  93 0040 11       		.byte	17
  94 0041 4D       		.byte	77
  95 0042 01       		.byte	1
  96 0043 40       		.byte	64
  97 0044 02       		.byte	2
  98 0045 50       		.byte	80
  99 0046 01       		.byte	1
 100 0047 40       		.byte	64
 101 0048 88       		.byte	-120
 102 0049 0F       		.byte	15
 103 004a 8A       		.byte	-118
 104 004b 72       		.byte	114
 105 004c 8B       		.byte	-117
 106 004d 38       		.byte	56
 107 004e B4       		.byte	-76
 108 004f 40       		.byte	64
 109 0050 38       		.byte	56
 110 0051 02       		.byte	2
 111 0052 3E       		.byte	62
 112 0053 01       		.byte	1
 113 0054 58       		.byte	88
 114 0055 04       		.byte	4
ARM GAS  C:\Users\UNIPRO~1\AppData\Local\Temp\ccJhCu0P.s 			page 3


 115 0056 5F       		.byte	95
 116 0057 01       		.byte	1
 117 0058 1C       		.byte	28
 118 0059 40       		.byte	64
 119 005a EC       		.byte	-20
 120 005b 10       		.byte	16
 121 005c 04       		.byte	4
 122 005d 10       		.byte	16
 123 005e 05       		.byte	5
 124 005f 53       		.byte	83
 125 0060 06       		.byte	6
 126 0061 AC       		.byte	-84
 127 0062 07       		.byte	7
 128 0063 04       		.byte	4
 129 0064 08       		.byte	8
 130 0065 0C       		.byte	12
 131 0066 09       		.byte	9
 132 0067 03       		.byte	3
 133 0068 0A       		.byte	10
 134 0069 71       		.byte	113
 135 006a 0B       		.byte	11
 136 006b 44       		.byte	68
 137 006c 0C       		.byte	12
 138 006d DC       		.byte	-36
 139 006e 0E       		.byte	14
 140 006f 22       		.byte	34
 141 0070 13       		.byte	19
 142 0071 08       		.byte	8
 143 0072 16       		.byte	22
 144 0073 03       		.byte	3
 145 0074 18       		.byte	24
 146 0075 14       		.byte	20
 147 0076 19       		.byte	25
 148 0077 53       		.byte	83
 149 0078 1B       		.byte	27
 150 0079 0C       		.byte	12
 151 007a 1E       		.byte	30
 152 007b 20       		.byte	32
 153 007c 20       		.byte	32
 154 007d 09       		.byte	9
 155 007e 21       		.byte	33
 156 007f 20       		.byte	32
 157 0080 22       		.byte	34
 158 0081 D0       		.byte	-48
 159 0082 23       		.byte	35
 160 0083 45       		.byte	69
 161 0084 28       		.byte	40
 162 0085 10       		.byte	16
 163 0086 29       		.byte	41
 164 0087 80       		.byte	-128
 165 0088 2A       		.byte	42
 166 0089 40       		.byte	64
 167 008a 2D       		.byte	45
 168 008b 0A       		.byte	10
 169 008c 2F       		.byte	47
 170 008d 54       		.byte	84
 171 008e 31       		.byte	49
ARM GAS  C:\Users\UNIPRO~1\AppData\Local\Temp\ccJhCu0P.s 			page 4


 172 008f 40       		.byte	64
 173 0090 32       		.byte	50
 174 0091 1F       		.byte	31
 175 0092 33       		.byte	51
 176 0093 0F       		.byte	15
 177 0094 34       		.byte	52
 178 0095 E0       		.byte	-32
 179 0096 35       		.byte	53
 180 0097 80       		.byte	-128
 181 0098 37       		.byte	55
 182 0099 30       		.byte	48
 183 009a 39       		.byte	57
 184 009b 80       		.byte	-128
 185 009c 3A       		.byte	58
 186 009d 20       		.byte	32
 187 009e 3B       		.byte	59
 188 009f 08       		.byte	8
 189 00a0 3F       		.byte	63
 190 00a1 11       		.byte	17
 191 00a2 40       		.byte	64
 192 00a3 34       		.byte	52
 193 00a4 41       		.byte	65
 194 00a5 02       		.byte	2
 195 00a6 45       		.byte	69
 196 00a7 0B       		.byte	11
 197 00a8 46       		.byte	70
 198 00a9 C0       		.byte	-64
 199 00aa 47       		.byte	71
 200 00ab 0E       		.byte	14
 201 00ac 48       		.byte	72
 202 00ad 19       		.byte	25
 203 00ae 49       		.byte	73
 204 00af FF       		.byte	-1
 205 00b0 4A       		.byte	74
 206 00b1 FF       		.byte	-1
 207 00b2 4B       		.byte	75
 208 00b3 FF       		.byte	-1
 209 00b4 4E       		.byte	78
 210 00b5 F0       		.byte	-16
 211 00b6 4F       		.byte	79
 212 00b7 44       		.byte	68
 213 00b8 50       		.byte	80
 214 00b9 0C       		.byte	12
 215 00ba 54       		.byte	84
 216 00bb 01       		.byte	1
 217 00bc 58       		.byte	88
 218 00bd 04       		.byte	4
 219 00be 59       		.byte	89
 220 00bf 04       		.byte	4
 221 00c0 5A       		.byte	90
 222 00c1 04       		.byte	4
 223 00c2 5B       		.byte	91
 224 00c3 04       		.byte	4
 225 00c4 5C       		.byte	92
 226 00c5 11       		.byte	17
 227 00c6 5D       		.byte	93
 228 00c7 11       		.byte	17
ARM GAS  C:\Users\UNIPRO~1\AppData\Local\Temp\ccJhCu0P.s 			page 5


 229 00c8 5F       		.byte	95
 230 00c9 01       		.byte	1
 231 00ca 66       		.byte	102
 232 00cb C0       		.byte	-64
 233 00cc 6A       		.byte	106
 234 00cd 40       		.byte	64
 235 00ce 6B       		.byte	107
 236 00cf 02       		.byte	2
 237 00d0 82       		.byte	-126
 238 00d1 0C       		.byte	12
 239 00d2 84       		.byte	-124
 240 00d3 31       		.byte	49
 241 00d4 86       		.byte	-122
 242 00d5 06       		.byte	6
 243 00d6 88       		.byte	-120
 244 00d7 C0       		.byte	-64
 245 00d8 89       		.byte	-119
 246 00d9 01       		.byte	1
 247 00da 8B       		.byte	-117
 248 00db 06       		.byte	6
 249 00dc 8C       		.byte	-116
 250 00dd 2C       		.byte	44
 251 00de 8E       		.byte	-114
 252 00df 03       		.byte	3
 253 00e0 91       		.byte	-111
 254 00e1 02       		.byte	2
 255 00e2 93       		.byte	-109
 256 00e3 09       		.byte	9
 257 00e4 94       		.byte	-108
 258 00e5 80       		.byte	-128
 259 00e6 95       		.byte	-107
 260 00e7 17       		.byte	23
 261 00e8 96       		.byte	-106
 262 00e9 40       		.byte	64
 263 00ea 98       		.byte	-104
 264 00eb 31       		.byte	49
 265 00ec 99       		.byte	-103
 266 00ed 17       		.byte	23
 267 00ee 9A       		.byte	-102
 268 00ef 0E       		.byte	14
 269 00f0 9D       		.byte	-99
 270 00f1 10       		.byte	16
 271 00f2 A2       		.byte	-94
 272 00f3 13       		.byte	19
 273 00f4 A4       		.byte	-92
 274 00f5 C0       		.byte	-64
 275 00f6 A9       		.byte	-87
 276 00f7 04       		.byte	4
 277 00f8 AA       		.byte	-86
 278 00f9 08       		.byte	8
 279 00fa AB       		.byte	-85
 280 00fb 01       		.byte	1
 281 00fc AC       		.byte	-84
 282 00fd 40       		.byte	64
 283 00fe AE       		.byte	-82
 284 00ff 80       		.byte	-128
 285 0100 B0       		.byte	-80
ARM GAS  C:\Users\UNIPRO~1\AppData\Local\Temp\ccJhCu0P.s 			page 6


 286 0101 0F       		.byte	15
 287 0102 B1       		.byte	-79
 288 0103 10       		.byte	16
 289 0104 B2       		.byte	-78
 290 0105 C0       		.byte	-64
 291 0106 B3       		.byte	-77
 292 0107 07       		.byte	7
 293 0108 B4       		.byte	-76
 294 0109 30       		.byte	48
 295 010a B5       		.byte	-75
 296 010b 08       		.byte	8
 297 010c B8       		.byte	-72
 298 010d 20       		.byte	32
 299 010e BA       		.byte	-70
 300 010f 02       		.byte	2
 301 0110 BE       		.byte	-66
 302 0111 10       		.byte	16
 303 0112 C0       		.byte	-64
 304 0113 02       		.byte	2
 305 0114 C7       		.byte	-57
 306 0115 04       		.byte	4
 307 0116 C9       		.byte	-55
 308 0117 FF       		.byte	-1
 309 0118 CA       		.byte	-54
 310 0119 07       		.byte	7
 311 011a CB       		.byte	-53
 312 011b FF       		.byte	-1
 313 011c CC       		.byte	-52
 314 011d 40       		.byte	64
 315 011e CD       		.byte	-51
 316 011f 20       		.byte	32
 317 0120 CE       		.byte	-50
 318 0121 F0       		.byte	-16
 319 0122 CF       		.byte	-49
 320 0123 05       		.byte	5
 321 0124 D0       		.byte	-48
 322 0125 08       		.byte	8
 323 0126 D8       		.byte	-40
 324 0127 04       		.byte	4
 325 0128 D9       		.byte	-39
 326 0129 04       		.byte	4
 327 012a DA       		.byte	-38
 328 012b 04       		.byte	4
 329 012c DC       		.byte	-36
 330 012d 11       		.byte	17
 331 012e DD       		.byte	-35
 332 012f 01       		.byte	1
 333 0130 DF       		.byte	-33
 334 0131 01       		.byte	1
 335 0132 E0       		.byte	-32
 336 0133 40       		.byte	64
 337 0134 E1       		.byte	-31
 338 0135 A8       		.byte	-88
 339 0136 E2       		.byte	-30
 340 0137 40       		.byte	64
 341 0138 E3       		.byte	-29
 342 0139 20       		.byte	32
ARM GAS  C:\Users\UNIPRO~1\AppData\Local\Temp\ccJhCu0P.s 			page 7


 343 013a 00       		.byte	0
 344 013b 40       		.byte	64
 345 013c 02       		.byte	2
 346 013d 80       		.byte	-128
 347 013e 03       		.byte	3
 348 013f 14       		.byte	20
 349 0140 04       		.byte	4
 350 0141 40       		.byte	64
 351 0142 05       		.byte	5
 352 0143 10       		.byte	16
 353 0144 07       		.byte	7
 354 0145 10       		.byte	16
 355 0146 09       		.byte	9
 356 0147 10       		.byte	16
 357 0148 0A       		.byte	10
 358 0149 14       		.byte	20
 359 014a 0C       		.byte	12
 360 014b 80       		.byte	-128
 361 014c 0E       		.byte	14
 362 014d 20       		.byte	32
 363 014e 0F       		.byte	15
 364 014f 08       		.byte	8
 365 0150 10       		.byte	16
 366 0151 A2       		.byte	-94
 367 0152 12       		.byte	18
 368 0153 48       		.byte	72
 369 0154 16       		.byte	22
 370 0155 04       		.byte	4
 371 0156 17       		.byte	23
 372 0157 02       		.byte	2
 373 0158 18       		.byte	24
 374 0159 44       		.byte	68
 375 015a 1A       		.byte	26
 376 015b 10       		.byte	16
 377 015c 1B       		.byte	27
 378 015d 0A       		.byte	10
 379 015e 1D       		.byte	29
 380 015f 10       		.byte	16
 381 0160 1E       		.byte	30
 382 0161 24       		.byte	36
 383 0162 20       		.byte	32
 384 0163 30       		.byte	48
 385 0164 21       		.byte	33
 386 0165 02       		.byte	2
 387 0166 22       		.byte	34
 388 0167 20       		.byte	32
 389 0168 25       		.byte	37
 390 0169 08       		.byte	8
 391 016a 26       		.byte	38
 392 016b 80       		.byte	-128
 393 016c 27       		.byte	39
 394 016d 9A       		.byte	-102
 395 016e 2B       		.byte	43
 396 016f 08       		.byte	8
 397 0170 2C       		.byte	44
 398 0171 88       		.byte	-120
 399 0172 2F       		.byte	47
ARM GAS  C:\Users\UNIPRO~1\AppData\Local\Temp\ccJhCu0P.s 			page 8


 400 0173 02       		.byte	2
 401 0174 30       		.byte	48
 402 0175 22       		.byte	34
 403 0176 32       		.byte	50
 404 0177 40       		.byte	64
 405 0178 33       		.byte	51
 406 0179 04       		.byte	4
 407 017a 37       		.byte	55
 408 017b 12       		.byte	18
 409 017c 38       		.byte	56
 410 017d 10       		.byte	16
 411 017e 3D       		.byte	61
 412 017f 10       		.byte	16
 413 0180 3E       		.byte	62
 414 0181 04       		.byte	4
 415 0182 3F       		.byte	63
 416 0183 20       		.byte	32
 417 0184 40       		.byte	64
 418 0185 04       		.byte	4
 419 0186 45       		.byte	69
 420 0187 18       		.byte	24
 421 0188 46       		.byte	70
 422 0189 40       		.byte	64
 423 018a 48       		.byte	72
 424 018b 80       		.byte	-128
 425 018c 4F       		.byte	79
 426 018d 08       		.byte	8
 427 018e 52       		.byte	82
 428 018f 0C       		.byte	12
 429 0190 54       		.byte	84
 430 0191 08       		.byte	8
 431 0192 57       		.byte	87
 432 0193 10       		.byte	16
 433 0194 5D       		.byte	93
 434 0195 10       		.byte	16
 435 0196 5F       		.byte	95
 436 0197 89       		.byte	-119
 437 0198 80       		.byte	-128
 438 0199 08       		.byte	8
 439 019a 83       		.byte	-125
 440 019b 01       		.byte	1
 441 019c C0       		.byte	-64
 442 019d EF       		.byte	-17
 443 019e C2       		.byte	-62
 444 019f E6       		.byte	-26
 445 01a0 C4       		.byte	-60
 446 01a1 5F       		.byte	95
 447 01a2 CA       		.byte	-54
 448 01a3 B4       		.byte	-76
 449 01a4 CC       		.byte	-52
 450 01a5 AF       		.byte	-81
 451 01a6 CE       		.byte	-50
 452 01a7 64       		.byte	100
 453 01a8 D0       		.byte	-48
 454 01a9 E4       		.byte	-28
 455 01aa D6       		.byte	-42
 456 01ab F0       		.byte	-16
ARM GAS  C:\Users\UNIPRO~1\AppData\Local\Temp\ccJhCu0P.s 			page 9


 457 01ac 01       		.byte	1
 458 01ad 44       		.byte	68
 459 01ae 02       		.byte	2
 460 01af 23       		.byte	35
 461 01b0 04       		.byte	4
 462 01b1 3F       		.byte	63
 463 01b2 05       		.byte	5
 464 01b3 18       		.byte	24
 465 01b4 08       		.byte	8
 466 01b5 03       		.byte	3
 467 01b6 09       		.byte	9
 468 01b7 08       		.byte	8
 469 01b8 0A       		.byte	10
 470 01b9 40       		.byte	64
 471 01ba 0C       		.byte	12
 472 01bb 33       		.byte	51
 473 01bc 0D       		.byte	13
 474 01bd 3C       		.byte	60
 475 01be 0E       		.byte	14
 476 01bf 0C       		.byte	12
 477 01c0 0F       		.byte	15
 478 01c1 C2       		.byte	-62
 479 01c2 10       		.byte	16
 480 01c3 1C       		.byte	28
 481 01c4 12       		.byte	18
 482 01c5 23       		.byte	35
 483 01c6 13       		.byte	19
 484 01c7 E3       		.byte	-29
 485 01c8 14       		.byte	20
 486 01c9 02       		.byte	2
 487 01ca 15       		.byte	21
 488 01cb C0       		.byte	-64
 489 01cc 16       		.byte	22
 490 01cd 80       		.byte	-128
 491 01ce 1B       		.byte	27
 492 01cf 04       		.byte	4
 493 01d0 1C       		.byte	28
 494 01d1 1F       		.byte	31
 495 01d2 1D       		.byte	29
 496 01d3 10       		.byte	16
 497 01d4 1E       		.byte	30
 498 01d5 20       		.byte	32
 499 01d6 20       		.byte	32
 500 01d7 08       		.byte	8
 501 01d8 21       		.byte	33
 502 01d9 E7       		.byte	-25
 503 01da 23       		.byte	35
 504 01db 18       		.byte	24
 505 01dc 24       		.byte	36
 506 01dd 04       		.byte	4
 507 01de 25       		.byte	37
 508 01df FF       		.byte	-1
 509 01e0 28       		.byte	40
 510 01e1 0C       		.byte	12
 511 01e2 29       		.byte	41
 512 01e3 80       		.byte	-128
 513 01e4 2C       		.byte	44
ARM GAS  C:\Users\UNIPRO~1\AppData\Local\Temp\ccJhCu0P.s 			page 10


 514 01e5 01       		.byte	1
 515 01e6 2D       		.byte	45
 516 01e7 1C       		.byte	28
 517 01e8 2E       		.byte	46
 518 01e9 80       		.byte	-128
 519 01ea 2F       		.byte	47
 520 01eb E1       		.byte	-31
 521 01ec 30       		.byte	48
 522 01ed 0F       		.byte	15
 523 01ee 31       		.byte	49
 524 01ef 1F       		.byte	31
 525 01f0 32       		.byte	50
 526 01f1 10       		.byte	16
 527 01f2 34       		.byte	52
 528 01f3 C0       		.byte	-64
 529 01f4 35       		.byte	53
 530 01f5 38       		.byte	56
 531 01f6 36       		.byte	54
 532 01f7 2C       		.byte	44
 533 01f8 37       		.byte	55
 534 01f9 C0       		.byte	-64
 535 01fa 3A       		.byte	58
 536 01fb 82       		.byte	-126
 537 01fc 3B       		.byte	59
 538 01fd 02       		.byte	2
 539 01fe 3E       		.byte	62
 540 01ff 14       		.byte	20
 541 0200 56       		.byte	86
 542 0201 02       		.byte	2
 543 0202 57       		.byte	87
 544 0203 12       		.byte	18
 545 0204 58       		.byte	88
 546 0205 04       		.byte	4
 547 0206 59       		.byte	89
 548 0207 04       		.byte	4
 549 0208 5B       		.byte	91
 550 0209 04       		.byte	4
 551 020a 5C       		.byte	92
 552 020b 11       		.byte	17
 553 020c 5D       		.byte	93
 554 020d 10       		.byte	16
 555 020e 5F       		.byte	95
 556 020f 01       		.byte	1
 557 0210 82       		.byte	-126
 558 0211 01       		.byte	1
 559 0212 84       		.byte	-124
 560 0213 01       		.byte	1
 561 0214 8A       		.byte	-118
 562 0215 02       		.byte	2
 563 0216 8C       		.byte	-116
 564 0217 01       		.byte	1
 565 0218 92       		.byte	-110
 566 0219 02       		.byte	2
 567 021a 99       		.byte	-103
 568 021b 01       		.byte	1
 569 021c A6       		.byte	-90
 570 021d 04       		.byte	4
ARM GAS  C:\Users\UNIPRO~1\AppData\Local\Temp\ccJhCu0P.s 			page 11


 571 021e AA       		.byte	-86
 572 021f 04       		.byte	4
 573 0220 AE       		.byte	-82
 574 0221 01       		.byte	1
 575 0222 B0       		.byte	-80
 576 0223 01       		.byte	1
 577 0224 B2       		.byte	-78
 578 0225 02       		.byte	2
 579 0226 B3       		.byte	-77
 580 0227 01       		.byte	1
 581 0228 B6       		.byte	-74
 582 0229 04       		.byte	4
 583 022a B8       		.byte	-72
 584 022b 02       		.byte	2
 585 022c BA       		.byte	-70
 586 022d 20       		.byte	32
 587 022e BE       		.byte	-66
 588 022f 44       		.byte	68
 589 0230 BF       		.byte	-65
 590 0231 04       		.byte	4
 591 0232 C0       		.byte	-64
 592 0233 54       		.byte	84
 593 0234 C1       		.byte	-63
 594 0235 02       		.byte	2
 595 0236 C2       		.byte	-62
 596 0237 03       		.byte	3
 597 0238 C4       		.byte	-60
 598 0239 06       		.byte	6
 599 023a C6       		.byte	-58
 600 023b C0       		.byte	-64
 601 023c C7       		.byte	-57
 602 023d 0E       		.byte	14
 603 023e C8       		.byte	-56
 604 023f 18       		.byte	24
 605 0240 C9       		.byte	-55
 606 0241 FF       		.byte	-1
 607 0242 CA       		.byte	-54
 608 0243 FF       		.byte	-1
 609 0244 CB       		.byte	-53
 610 0245 FF       		.byte	-1
 611 0246 CC       		.byte	-52
 612 0247 62       		.byte	98
 613 0248 CD       		.byte	-51
 614 0249 A0       		.byte	-96
 615 024a CE       		.byte	-50
 616 024b F0       		.byte	-16
 617 024c CF       		.byte	-49
 618 024d 41       		.byte	65
 619 024e D0       		.byte	-48
 620 024f 0C       		.byte	12
 621 0250 D4       		.byte	-44
 622 0251 18       		.byte	24
 623 0252 D8       		.byte	-40
 624 0253 04       		.byte	4
 625 0254 D9       		.byte	-39
 626 0255 04       		.byte	4
 627 0256 DA       		.byte	-38
ARM GAS  C:\Users\UNIPRO~1\AppData\Local\Temp\ccJhCu0P.s 			page 12


 628 0257 04       		.byte	4
 629 0258 DB       		.byte	-37
 630 0259 04       		.byte	4
 631 025a DC       		.byte	-36
 632 025b 01       		.byte	1
 633 025c DD       		.byte	-35
 634 025d 11       		.byte	17
 635 025e DF       		.byte	-33
 636 025f 01       		.byte	1
 637 0260 E6       		.byte	-26
 638 0261 40       		.byte	64
 639 0262 E7       		.byte	-25
 640 0263 02       		.byte	2
 641 0264 E9       		.byte	-23
 642 0265 10       		.byte	16
 643 0266 EA       		.byte	-22
 644 0267 30       		.byte	48
 645 0268 EB       		.byte	-21
 646 0269 10       		.byte	16
 647 026a ED       		.byte	-19
 648 026b 10       		.byte	16
 649 026c EE       		.byte	-18
 650 026d 10       		.byte	16
 651 026e EF       		.byte	-17
 652 026f 12       		.byte	18
 653 0270 00       		.byte	0
 654 0271 68       		.byte	104
 655 0272 02       		.byte	2
 656 0273 4A       		.byte	74
 657 0274 03       		.byte	3
 658 0275 10       		.byte	16
 659 0276 04       		.byte	4
 660 0277 42       		.byte	66
 661 0278 06       		.byte	6
 662 0279 04       		.byte	4
 663 027a 07       		.byte	7
 664 027b 10       		.byte	16
 665 027c 08       		.byte	8
 666 027d 04       		.byte	4
 667 027e 0A       		.byte	10
 668 027f 12       		.byte	18
 669 0280 0B       		.byte	11
 670 0281 40       		.byte	64
 671 0282 0E       		.byte	14
 672 0283 40       		.byte	64
 673 0284 10       		.byte	16
 674 0285 82       		.byte	-126
 675 0286 13       		.byte	19
 676 0287 14       		.byte	20
 677 0288 15       		.byte	21
 678 0289 20       		.byte	32
 679 028a 16       		.byte	22
 680 028b 10       		.byte	16
 681 028c 17       		.byte	23
 682 028d 80       		.byte	-128
 683 028e 18       		.byte	24
 684 028f 42       		.byte	66
ARM GAS  C:\Users\UNIPRO~1\AppData\Local\Temp\ccJhCu0P.s 			page 13


 685 0290 19       		.byte	25
 686 0291 85       		.byte	-123
 687 0292 1A       		.byte	26
 688 0293 02       		.byte	2
 689 0294 1B       		.byte	27
 690 0295 10       		.byte	16
 691 0296 1C       		.byte	28
 692 0297 08       		.byte	8
 693 0298 1D       		.byte	29
 694 0299 40       		.byte	64
 695 029a 1E       		.byte	30
 696 029b 40       		.byte	64
 697 029c 1F       		.byte	31
 698 029d 24       		.byte	36
 699 029e 21       		.byte	33
 700 029f 10       		.byte	16
 701 02a0 23       		.byte	35
 702 02a1 C9       		.byte	-55
 703 02a2 27       		.byte	39
 704 02a3 20       		.byte	32
 705 02a4 28       		.byte	40
 706 02a5 04       		.byte	4
 707 02a6 29       		.byte	41
 708 02a7 81       		.byte	-127
 709 02a8 2B       		.byte	43
 710 02a9 20       		.byte	32
 711 02aa 30       		.byte	48
 712 02ab 80       		.byte	-128
 713 02ac 31       		.byte	49
 714 02ad 02       		.byte	2
 715 02ae 32       		.byte	50
 716 02af 28       		.byte	40
 717 02b0 36       		.byte	54
 718 02b1 10       		.byte	16
 719 02b2 38       		.byte	56
 720 02b3 28       		.byte	40
 721 02b4 3A       		.byte	58
 722 02b5 01       		.byte	1
 723 02b6 3B       		.byte	59
 724 02b7 40       		.byte	64
 725 02b8 45       		.byte	69
 726 02b9 02       		.byte	2
 727 02ba 46       		.byte	70
 728 02bb 40       		.byte	64
 729 02bc 47       		.byte	71
 730 02bd 18       		.byte	24
 731 02be 4E       		.byte	78
 732 02bf 02       		.byte	2
 733 02c0 4F       		.byte	79
 734 02c1 20       		.byte	32
 735 02c2 56       		.byte	86
 736 02c3 14       		.byte	20
 737 02c4 59       		.byte	89
 738 02c5 04       		.byte	4
 739 02c6 5F       		.byte	95
 740 02c7 01       		.byte	1
 741 02c8 65       		.byte	101
ARM GAS  C:\Users\UNIPRO~1\AppData\Local\Temp\ccJhCu0P.s 			page 14


 742 02c9 40       		.byte	64
 743 02ca 67       		.byte	103
 744 02cb 08       		.byte	8
 745 02cc 68       		.byte	104
 746 02cd 20       		.byte	32
 747 02ce 6A       		.byte	106
 748 02cf 80       		.byte	-128
 749 02d0 6B       		.byte	107
 750 02d1 04       		.byte	4
 751 02d2 70       		.byte	112
 752 02d3 94       		.byte	-108
 753 02d4 73       		.byte	115
 754 02d5 14       		.byte	20
 755 02d6 88       		.byte	-120
 756 02d7 02       		.byte	2
 757 02d8 8B       		.byte	-117
 758 02d9 20       		.byte	32
 759 02da 8E       		.byte	-114
 760 02db 01       		.byte	1
 761 02dc 92       		.byte	-110
 762 02dd 10       		.byte	16
 763 02de 96       		.byte	-106
 764 02df 80       		.byte	-128
 765 02e0 9F       		.byte	-97
 766 02e1 04       		.byte	4
 767 02e2 A0       		.byte	-96
 768 02e3 10       		.byte	16
 769 02e4 A1       		.byte	-95
 770 02e5 02       		.byte	2
 771 02e6 A2       		.byte	-94
 772 02e7 30       		.byte	48
 773 02e8 A4       		.byte	-92
 774 02e9 22       		.byte	34
 775 02ea C0       		.byte	-64
 776 02eb FF       		.byte	-1
 777 02ec C2       		.byte	-62
 778 02ed 1D       		.byte	29
 779 02ee C4       		.byte	-60
 780 02ef EF       		.byte	-17
 781 02f0 CA       		.byte	-54
 782 02f1 0F       		.byte	15
 783 02f2 CC       		.byte	-52
 784 02f3 2F       		.byte	47
 785 02f4 CE       		.byte	-50
 786 02f5 0F       		.byte	15
 787 02f6 D0       		.byte	-48
 788 02f7 E0       		.byte	-32
 789 02f8 D2       		.byte	-46
 790 02f9 30       		.byte	48
 791 02fa D6       		.byte	-42
 792 02fb 82       		.byte	-126
 793 02fc D8       		.byte	-40
 794 02fd 30       		.byte	48
 795 02fe EC       		.byte	-20
 796 02ff 10       		.byte	16
 797 0300 10       		.byte	16
 798 0301 10       		.byte	16
ARM GAS  C:\Users\UNIPRO~1\AppData\Local\Temp\ccJhCu0P.s 			page 15


 799 0302 7C       		.byte	124
 800 0303 20       		.byte	32
 801 0304 C4       		.byte	-60
 802 0305 08       		.byte	8
 803 0306 DE       		.byte	-34
 804 0307 01       		.byte	1
 805 0308 98       		.byte	-104
 806 0309 10       		.byte	16
 807 030a 9C       		.byte	-100
 808 030b 20       		.byte	32
 809 030c 45       		.byte	69
 810 030d 08       		.byte	8
 811 030e 98       		.byte	-104
 812 030f 10       		.byte	16
 813 0310 B4       		.byte	-76
 814 0311 20       		.byte	32
 815 0312 D0       		.byte	-48
 816 0313 01       		.byte	1
 817 0314 E8       		.byte	-24
 818 0315 02       		.byte	2
 819 0316 98       		.byte	-104
 820 0317 10       		.byte	16
 821 0318 A5       		.byte	-91
 822 0319 08       		.byte	8
 823 031a 25       		.byte	37
 824 031b 10       		.byte	16
 825 031c C8       		.byte	-56
 826 031d 20       		.byte	32
 827 031e B5       		.byte	-75
 828 031f 10       		.byte	16
 829 0320 98       		.byte	-104
 830 0321 10       		.byte	16
 831 0322 A5       		.byte	-91
 832 0323 08       		.byte	8
 833 0324 10       		.byte	16
 834 0325 80       		.byte	-128
 835 0326 1B       		.byte	27
 836 0327 02       		.byte	2
 837 0328 76       		.byte	118
 838 0329 10       		.byte	16
 839 032a 78       		.byte	120
 840 032b 10       		.byte	16
 841 032c 7B       		.byte	123
 842 032d 02       		.byte	2
 843 032e 88       		.byte	-120
 844 032f 80       		.byte	-128
 845 0330 8A       		.byte	-118
 846 0331 10       		.byte	16
 847 0332 8C       		.byte	-116
 848 0333 80       		.byte	-128
 849 0334 98       		.byte	-104
 850 0335 10       		.byte	16
 851 0336 B5       		.byte	-75
 852 0337 08       		.byte	8
 853 0338 C4       		.byte	-60
 854 0339 08       		.byte	8
 855 033a C6       		.byte	-58
ARM GAS  C:\Users\UNIPRO~1\AppData\Local\Temp\ccJhCu0P.s 			page 16


 856 033b 08       		.byte	8
 857 033c DC       		.byte	-36
 858 033d 01       		.byte	1
 859 033e DE       		.byte	-34
 860 033f 06       		.byte	6
 861 0340 E4       		.byte	-28
 862 0341 04       		.byte	4
 863 0342 E6       		.byte	-26
 864 0343 03       		.byte	3
 865 0344 EC       		.byte	-20
 866 0345 08       		.byte	8
 867 0346 10       		.byte	16
 868 0347 02       		.byte	2
 869 0348 1C       		.byte	28
 870 0349 02       		.byte	2
 871 034a 00       		.byte	0
 872 034b 00       		.byte	0
 873 034c 80       		.byte	-128
 874 034d A0       		.byte	-96
 875 034e 00       		.byte	0
 876 034f 00       		.byte	0
 877 0350 40       		.byte	64
 878 0351 00       		.byte	0
 879 0352 00       		.byte	0
 880 0353 00       		.byte	0
 881 0354 00       		.byte	0
 882 0355 00       		.byte	0
 883 0356 00       		.byte	0
 884 0357 00       		.byte	0
 885 0358 00       		.byte	0
 886 0359 00       		.byte	0
 887 035a F0       		.byte	-16
 888 035b 00       		.byte	0
 889 035c 80       		.byte	-128
 890 035d 00       		.byte	0
 891 035e 50       		.byte	80
 892 035f A0       		.byte	-96
 893 0360 A0       		.byte	-96
 894 0361 00       		.byte	0
 895 0362 A0       		.byte	-96
 896 0363 00       		.byte	0
 897 0364 00       		.byte	0
 898 0365 00       		.byte	0
 899 0366 00       		.byte	0
 900 0367 00       		.byte	0
 901 0368 00       		.byte	0
 902 0369 0B       		.byte	11
 903 036a 0B       		.byte	11
 904 036b 00       		.byte	0
 905 036c 00       		.byte	0
 906 036d 00       		.byte	0
 907 036e 00       		.byte	0
 908 036f 00       		.byte	0
 909 0370 00       		.byte	0
 910 0371 00       		.byte	0
 911 0372 00       		.byte	0
 912 0373 00       		.byte	0
ARM GAS  C:\Users\UNIPRO~1\AppData\Local\Temp\ccJhCu0P.s 			page 17


 913 0374 00       		.byte	0
 914 0375 00       		.byte	0
 915 0376 30       		.byte	48
 916 0377 00       		.byte	0
 917 0378 95       		.byte	-107
 918 0379 00       		.byte	0
 919 037a 18       		.byte	24
 920 037b 01       		.byte	1
 921              		.section	.cywolatch,"a",%progbits
 922              		.align	2
 923              		.type	cy_meta_wonvl, %object
 924              		.size	cy_meta_wonvl, 4
 925              	cy_meta_wonvl:
 926 0000 BC       		.byte	-68
 927 0001 90       		.byte	-112
 928 0002 AC       		.byte	-84
 929 0003 AF       		.byte	-81
 930              		.section	.cycustnvl,"a",%progbits
 931              		.align	2
 932              		.type	cy_meta_custnvl, %object
 933              		.size	cy_meta_custnvl, 4
 934              	cy_meta_custnvl:
 935 0000 00       		.byte	0
 936 0001 00       		.byte	0
 937 0002 40       		.byte	64
 938 0003 05       		.byte	5
 939              		.section	.cymeta,"a",%progbits
 940              		.align	2
 941              		.type	cy_metadata, %object
 942              		.size	cy_metadata, 12
 943              	cy_metadata:
 944 0000 00       		.byte	0
 945 0001 01       		.byte	1
 946 0002 2E       		.byte	46
 947 0003 16       		.byte	22
 948 0004 10       		.byte	16
 949 0005 69       		.byte	105
 950 0006 00       		.byte	0
 951 0007 01       		.byte	1
 952 0008 00       		.byte	0
 953 0009 00       		.byte	0
 954 000a 00       		.byte	0
 955 000b 00       		.byte	0
 956              		.section	.cyflashprotect,"a",%progbits
 957              		.align	2
 958              		.type	cy_meta_flashprotect, %object
 959              		.size	cy_meta_flashprotect, 256
 960              	cy_meta_flashprotect:
 961 0000 00000000 		.space	256
 961      00000000 
 961      00000000 
 961      00000000 
 961      00000000 
 962              		.text
 963              	.Letext0:
 964              		.file 1 "c:\\program files (x86)\\cypress\\psoc creator\\4.4\\psoc creator\\import\\gnu\\arm\\5.4.
 965              		.file 2 "c:\\program files (x86)\\cypress\\psoc creator\\4.4\\psoc creator\\import\\gnu\\arm\\5.4.
ARM GAS  C:\Users\UNIPRO~1\AppData\Local\Temp\ccJhCu0P.s 			page 18


 966              		.file 3 "Generated_Source\\PSoC5\\cymetadata.c"
 967              		.section	.debug_info,"",%progbits
 968              	.Ldebug_info0:
 969 0000 31010000 		.4byte	0x131
 970 0004 0400     		.2byte	0x4
 971 0006 00000000 		.4byte	.Ldebug_abbrev0
 972 000a 04       		.byte	0x4
 973 000b 01       		.uleb128 0x1
 974 000c 30000000 		.4byte	.LASF17
 975 0010 0C       		.byte	0xc
 976 0011 C2010000 		.4byte	.LASF18
 977 0015 7E010000 		.4byte	.LASF19
 978 0019 00000000 		.4byte	.Ldebug_line0
 979 001d 02       		.uleb128 0x2
 980 001e 01       		.byte	0x1
 981 001f 06       		.byte	0x6
 982 0020 16000000 		.4byte	.LASF0
 983 0024 03       		.uleb128 0x3
 984 0025 00000000 		.4byte	.LASF9
 985 0029 01       		.byte	0x1
 986 002a 1D       		.byte	0x1d
 987 002b 2F000000 		.4byte	0x2f
 988 002f 02       		.uleb128 0x2
 989 0030 01       		.byte	0x1
 990 0031 08       		.byte	0x8
 991 0032 22000000 		.4byte	.LASF1
 992 0036 02       		.uleb128 0x2
 993 0037 02       		.byte	0x2
 994 0038 05       		.byte	0x5
 995 0039 6B010000 		.4byte	.LASF2
 996 003d 02       		.uleb128 0x2
 997 003e 02       		.byte	0x2
 998 003f 07       		.byte	0x7
 999 0040 D0000000 		.4byte	.LASF3
 1000 0044 02       		.uleb128 0x2
 1001 0045 04       		.byte	0x4
 1002 0046 05       		.byte	0x5
 1003 0047 75010000 		.4byte	.LASF4
 1004 004b 02       		.uleb128 0x2
 1005 004c 04       		.byte	0x4
 1006 004d 07       		.byte	0x7
 1007 004e BE000000 		.4byte	.LASF5
 1008 0052 02       		.uleb128 0x2
 1009 0053 08       		.byte	0x8
 1010 0054 05       		.byte	0x5
 1011 0055 5D010000 		.4byte	.LASF6
 1012 0059 02       		.uleb128 0x2
 1013 005a 08       		.byte	0x8
 1014 005b 07       		.byte	0x7
 1015 005c 12010000 		.4byte	.LASF7
 1016 0060 04       		.uleb128 0x4
 1017 0061 04       		.byte	0x4
 1018 0062 05       		.byte	0x5
 1019 0063 696E7400 		.ascii	"int\000"
 1020 0067 02       		.uleb128 0x2
 1021 0068 04       		.byte	0x4
 1022 0069 07       		.byte	0x7
ARM GAS  C:\Users\UNIPRO~1\AppData\Local\Temp\ccJhCu0P.s 			page 19


 1023 006a 05010000 		.4byte	.LASF8
 1024 006e 03       		.uleb128 0x3
 1025 006f 29010000 		.4byte	.LASF10
 1026 0073 02       		.byte	0x2
 1027 0074 18       		.byte	0x18
 1028 0075 24000000 		.4byte	0x24
 1029 0079 05       		.uleb128 0x5
 1030 007a 91000000 		.4byte	0x91
 1031 007e 8A000000 		.4byte	0x8a
 1032 0082 06       		.uleb128 0x6
 1033 0083 8A000000 		.4byte	0x8a
 1034 0087 7B03     		.2byte	0x37b
 1035 0089 00       		.byte	0
 1036 008a 02       		.uleb128 0x2
 1037 008b 04       		.byte	0x4
 1038 008c 07       		.byte	0x7
 1039 008d 54010000 		.4byte	.LASF11
 1040 0091 07       		.uleb128 0x7
 1041 0092 6E000000 		.4byte	0x6e
 1042 0096 08       		.uleb128 0x8
 1043 0097 F3000000 		.4byte	.LASF12
 1044 009b 03       		.byte	0x3
 1045 009c 1F       		.byte	0x1f
 1046 009d A7000000 		.4byte	0xa7
 1047 00a1 05       		.uleb128 0x5
 1048 00a2 03       		.byte	0x3
 1049 00a3 00000000 		.4byte	cy_meta_configecc
 1050 00a7 07       		.uleb128 0x7
 1051 00a8 79000000 		.4byte	0x79
 1052 00ac 05       		.uleb128 0x5
 1053 00ad 91000000 		.4byte	0x91
 1054 00b1 BC000000 		.4byte	0xbc
 1055 00b5 09       		.uleb128 0x9
 1056 00b6 8A000000 		.4byte	0x8a
 1057 00ba 03       		.byte	0x3
 1058 00bb 00       		.byte	0
 1059 00bc 08       		.uleb128 0x8
 1060 00bd E3000000 		.4byte	.LASF13
 1061 00c1 03       		.byte	0x3
 1062 00c2 9C       		.byte	0x9c
 1063 00c3 CD000000 		.4byte	0xcd
 1064 00c7 05       		.uleb128 0x5
 1065 00c8 03       		.byte	0x3
 1066 00c9 00000000 		.4byte	cy_meta_custnvl
 1067 00cd 07       		.uleb128 0x7
 1068 00ce AC000000 		.4byte	0xac
 1069 00d2 08       		.uleb128 0x8
 1070 00d3 46010000 		.4byte	.LASF14
 1071 00d7 03       		.byte	0x3
 1072 00d8 AA       		.byte	0xaa
 1073 00d9 E3000000 		.4byte	0xe3
 1074 00dd 05       		.uleb128 0x5
 1075 00de 03       		.byte	0x3
 1076 00df 00000000 		.4byte	cy_meta_wonvl
 1077 00e3 07       		.uleb128 0x7
 1078 00e4 AC000000 		.4byte	0xac
 1079 00e8 05       		.uleb128 0x5
ARM GAS  C:\Users\UNIPRO~1\AppData\Local\Temp\ccJhCu0P.s 			page 20


 1080 00e9 91000000 		.4byte	0x91
 1081 00ed F8000000 		.4byte	0xf8
 1082 00f1 09       		.uleb128 0x9
 1083 00f2 8A000000 		.4byte	0x8a
 1084 00f6 FF       		.byte	0xff
 1085 00f7 00       		.byte	0
 1086 00f8 08       		.uleb128 0x8
 1087 00f9 31010000 		.4byte	.LASF15
 1088 00fd 03       		.byte	0x3
 1089 00fe B8       		.byte	0xb8
 1090 00ff 09010000 		.4byte	0x109
 1091 0103 05       		.uleb128 0x5
 1092 0104 03       		.byte	0x3
 1093 0105 00000000 		.4byte	cy_meta_flashprotect
 1094 0109 07       		.uleb128 0x7
 1095 010a E8000000 		.4byte	0xe8
 1096 010e 05       		.uleb128 0x5
 1097 010f 91000000 		.4byte	0x91
 1098 0113 1E010000 		.4byte	0x11e
 1099 0117 09       		.uleb128 0x9
 1100 0118 8A000000 		.4byte	0x8a
 1101 011c 0B       		.byte	0xb
 1102 011d 00       		.byte	0
 1103 011e 08       		.uleb128 0x8
 1104 011f 0A000000 		.4byte	.LASF16
 1105 0123 03       		.byte	0x3
 1106 0124 E5       		.byte	0xe5
 1107 0125 2F010000 		.4byte	0x12f
 1108 0129 05       		.uleb128 0x5
 1109 012a 03       		.byte	0x3
 1110 012b 00000000 		.4byte	cy_metadata
 1111 012f 07       		.uleb128 0x7
 1112 0130 0E010000 		.4byte	0x10e
 1113 0134 00       		.byte	0
 1114              		.section	.debug_abbrev,"",%progbits
 1115              	.Ldebug_abbrev0:
 1116 0000 01       		.uleb128 0x1
 1117 0001 11       		.uleb128 0x11
 1118 0002 01       		.byte	0x1
 1119 0003 25       		.uleb128 0x25
 1120 0004 0E       		.uleb128 0xe
 1121 0005 13       		.uleb128 0x13
 1122 0006 0B       		.uleb128 0xb
 1123 0007 03       		.uleb128 0x3
 1124 0008 0E       		.uleb128 0xe
 1125 0009 1B       		.uleb128 0x1b
 1126 000a 0E       		.uleb128 0xe
 1127 000b 10       		.uleb128 0x10
 1128 000c 17       		.uleb128 0x17
 1129 000d 00       		.byte	0
 1130 000e 00       		.byte	0
 1131 000f 02       		.uleb128 0x2
 1132 0010 24       		.uleb128 0x24
 1133 0011 00       		.byte	0
 1134 0012 0B       		.uleb128 0xb
 1135 0013 0B       		.uleb128 0xb
 1136 0014 3E       		.uleb128 0x3e
ARM GAS  C:\Users\UNIPRO~1\AppData\Local\Temp\ccJhCu0P.s 			page 21


 1137 0015 0B       		.uleb128 0xb
 1138 0016 03       		.uleb128 0x3
 1139 0017 0E       		.uleb128 0xe
 1140 0018 00       		.byte	0
 1141 0019 00       		.byte	0
 1142 001a 03       		.uleb128 0x3
 1143 001b 16       		.uleb128 0x16
 1144 001c 00       		.byte	0
 1145 001d 03       		.uleb128 0x3
 1146 001e 0E       		.uleb128 0xe
 1147 001f 3A       		.uleb128 0x3a
 1148 0020 0B       		.uleb128 0xb
 1149 0021 3B       		.uleb128 0x3b
 1150 0022 0B       		.uleb128 0xb
 1151 0023 49       		.uleb128 0x49
 1152 0024 13       		.uleb128 0x13
 1153 0025 00       		.byte	0
 1154 0026 00       		.byte	0
 1155 0027 04       		.uleb128 0x4
 1156 0028 24       		.uleb128 0x24
 1157 0029 00       		.byte	0
 1158 002a 0B       		.uleb128 0xb
 1159 002b 0B       		.uleb128 0xb
 1160 002c 3E       		.uleb128 0x3e
 1161 002d 0B       		.uleb128 0xb
 1162 002e 03       		.uleb128 0x3
 1163 002f 08       		.uleb128 0x8
 1164 0030 00       		.byte	0
 1165 0031 00       		.byte	0
 1166 0032 05       		.uleb128 0x5
 1167 0033 01       		.uleb128 0x1
 1168 0034 01       		.byte	0x1
 1169 0035 49       		.uleb128 0x49
 1170 0036 13       		.uleb128 0x13
 1171 0037 01       		.uleb128 0x1
 1172 0038 13       		.uleb128 0x13
 1173 0039 00       		.byte	0
 1174 003a 00       		.byte	0
 1175 003b 06       		.uleb128 0x6
 1176 003c 21       		.uleb128 0x21
 1177 003d 00       		.byte	0
 1178 003e 49       		.uleb128 0x49
 1179 003f 13       		.uleb128 0x13
 1180 0040 2F       		.uleb128 0x2f
 1181 0041 05       		.uleb128 0x5
 1182 0042 00       		.byte	0
 1183 0043 00       		.byte	0
 1184 0044 07       		.uleb128 0x7
 1185 0045 26       		.uleb128 0x26
 1186 0046 00       		.byte	0
 1187 0047 49       		.uleb128 0x49
 1188 0048 13       		.uleb128 0x13
 1189 0049 00       		.byte	0
 1190 004a 00       		.byte	0
 1191 004b 08       		.uleb128 0x8
 1192 004c 34       		.uleb128 0x34
 1193 004d 00       		.byte	0
ARM GAS  C:\Users\UNIPRO~1\AppData\Local\Temp\ccJhCu0P.s 			page 22


 1194 004e 03       		.uleb128 0x3
 1195 004f 0E       		.uleb128 0xe
 1196 0050 3A       		.uleb128 0x3a
 1197 0051 0B       		.uleb128 0xb
 1198 0052 3B       		.uleb128 0x3b
 1199 0053 0B       		.uleb128 0xb
 1200 0054 49       		.uleb128 0x49
 1201 0055 13       		.uleb128 0x13
 1202 0056 3F       		.uleb128 0x3f
 1203 0057 19       		.uleb128 0x19
 1204 0058 02       		.uleb128 0x2
 1205 0059 18       		.uleb128 0x18
 1206 005a 00       		.byte	0
 1207 005b 00       		.byte	0
 1208 005c 09       		.uleb128 0x9
 1209 005d 21       		.uleb128 0x21
 1210 005e 00       		.byte	0
 1211 005f 49       		.uleb128 0x49
 1212 0060 13       		.uleb128 0x13
 1213 0061 2F       		.uleb128 0x2f
 1214 0062 0B       		.uleb128 0xb
 1215 0063 00       		.byte	0
 1216 0064 00       		.byte	0
 1217 0065 00       		.byte	0
 1218              		.section	.debug_aranges,"",%progbits
 1219 0000 14000000 		.4byte	0x14
 1220 0004 0200     		.2byte	0x2
 1221 0006 00000000 		.4byte	.Ldebug_info0
 1222 000a 04       		.byte	0x4
 1223 000b 00       		.byte	0
 1224 000c 0000     		.2byte	0
 1225 000e 0000     		.2byte	0
 1226 0010 00000000 		.4byte	0
 1227 0014 00000000 		.4byte	0
 1228              		.section	.debug_line,"",%progbits
 1229              	.Ldebug_line0:
 1230 0000 3D010000 		.section	.debug_str,"MS",%progbits,1
 1230      02003701 
 1230      00000201 
 1230      FB0E0D00 
 1230      01010101 
 1231              	.LASF9:
 1232 0000 5F5F7569 		.ascii	"__uint8_t\000"
 1232      6E74385F 
 1232      7400
 1233              	.LASF16:
 1234 000a 63795F6D 		.ascii	"cy_metadata\000"
 1234      65746164 
 1234      61746100 
 1235              	.LASF0:
 1236 0016 7369676E 		.ascii	"signed char\000"
 1236      65642063 
 1236      68617200 
 1237              	.LASF1:
 1238 0022 756E7369 		.ascii	"unsigned char\000"
 1238      676E6564 
 1238      20636861 
ARM GAS  C:\Users\UNIPRO~1\AppData\Local\Temp\ccJhCu0P.s 			page 23


 1238      7200
 1239              	.LASF17:
 1240 0030 474E5520 		.ascii	"GNU C11 5.4.1 20160609 (release) [ARM/embedded-5-br"
 1240      43313120 
 1240      352E342E 
 1240      31203230 
 1240      31363036 
 1241 0063 616E6368 		.ascii	"anch revision 237715] -mcpu=cortex-m3 -mthumb -g -O"
 1241      20726576 
 1241      6973696F 
 1241      6E203233 
 1241      37373135 
 1242 0096 67202D66 		.ascii	"g -ffunction-sections -ffat-lto-objects\000"
 1242      66756E63 
 1242      74696F6E 
 1242      2D736563 
 1242      74696F6E 
 1243              	.LASF5:
 1244 00be 6C6F6E67 		.ascii	"long unsigned int\000"
 1244      20756E73 
 1244      69676E65 
 1244      6420696E 
 1244      7400
 1245              	.LASF3:
 1246 00d0 73686F72 		.ascii	"short unsigned int\000"
 1246      7420756E 
 1246      7369676E 
 1246      65642069 
 1246      6E7400
 1247              	.LASF13:
 1248 00e3 63795F6D 		.ascii	"cy_meta_custnvl\000"
 1248      6574615F 
 1248      63757374 
 1248      6E766C00 
 1249              	.LASF12:
 1250 00f3 63795F6D 		.ascii	"cy_meta_configecc\000"
 1250      6574615F 
 1250      636F6E66 
 1250      69676563 
 1250      6300
 1251              	.LASF8:
 1252 0105 756E7369 		.ascii	"unsigned int\000"
 1252      676E6564 
 1252      20696E74 
 1252      00
 1253              	.LASF7:
 1254 0112 6C6F6E67 		.ascii	"long long unsigned int\000"
 1254      206C6F6E 
 1254      6720756E 
 1254      7369676E 
 1254      65642069 
 1255              	.LASF10:
 1256 0129 75696E74 		.ascii	"uint8_t\000"
 1256      385F7400 
 1257              	.LASF15:
 1258 0131 63795F6D 		.ascii	"cy_meta_flashprotect\000"
 1258      6574615F 
ARM GAS  C:\Users\UNIPRO~1\AppData\Local\Temp\ccJhCu0P.s 			page 24


 1258      666C6173 
 1258      6870726F 
 1258      74656374 
 1259              	.LASF14:
 1260 0146 63795F6D 		.ascii	"cy_meta_wonvl\000"
 1260      6574615F 
 1260      776F6E76 
 1260      6C00
 1261              	.LASF11:
 1262 0154 73697A65 		.ascii	"sizetype\000"
 1262      74797065 
 1262      00
 1263              	.LASF6:
 1264 015d 6C6F6E67 		.ascii	"long long int\000"
 1264      206C6F6E 
 1264      6720696E 
 1264      7400
 1265              	.LASF2:
 1266 016b 73686F72 		.ascii	"short int\000"
 1266      7420696E 
 1266      7400
 1267              	.LASF4:
 1268 0175 6C6F6E67 		.ascii	"long int\000"
 1268      20696E74 
 1268      00
 1269              	.LASF19:
 1270 017e 433A5C55 		.ascii	"C:\\Users\\UniPrograms\\Documents\\PSoC Creator\\MU"
 1270      73657273 
 1270      5C556E69 
 1270      50726F67 
 1270      72616D73 
 1271 01ac 525C564F 		.ascii	"R\\VOLTCANPERIPH.cydsn\000"
 1271      4C544341 
 1271      4E504552 
 1271      4950482E 
 1271      63796473 
 1272              	.LASF18:
 1273 01c2 47656E65 		.ascii	"Generated_Source\\PSoC5\\cymetadata.c\000"
 1273      72617465 
 1273      645F536F 
 1273      75726365 
 1273      5C50536F 
 1274              		.ident	"GCC: (GNU Tools for ARM Embedded Processors) 5.4.1 20160609 (release) [ARM/embedded-5-bran
