ARM GAS  C:\Users\UNIPRO~1\AppData\Local\Temp\ccnzvpXF.s 			page 1


   1              		.syntax unified
   2              		.cpu cortex-m3
   3              		.fpu softvfp
   4              		.eabi_attribute 20, 1
   5              		.eabi_attribute 21, 1
   6              		.eabi_attribute 23, 3
   7              		.eabi_attribute 24, 1
   8              		.eabi_attribute 25, 1
   9              		.eabi_attribute 26, 1
  10              		.eabi_attribute 30, 1
  11              		.eabi_attribute 34, 1
  12              		.eabi_attribute 18, 4
  13              		.thumb
  14              		.syntax unified
  15              		.file	"main.c"
  16              		.text
  17              	.Ltext0:
  18              		.cfi_sections	.debug_frame
  19              		.section	.text.max,"ax",%progbits
  20              		.align	2
  21              		.global	max
  22              		.thumb
  23              		.thumb_func
  24              		.type	max, %function
  25              	max:
  26              	.LFB64:
  27              		.file 1 "main.c"
   1:main.c        **** /* ========================================
   2:main.c        ****  *
   3:main.c        ****  * Copyright YOUR COMPANY, THE YEAR
   4:main.c        ****  * All Rights Reserved
   5:main.c        ****  * UNPUBLISHED, LICENSED SOFTWARE.
   6:main.c        ****  *
   7:main.c        ****  * CONFIDENTIAL AND PROPRIETARY INFORMATION
   8:main.c        ****  * WHICH IS THE PROPERTY OF your company.
   9:main.c        ****  *
  10:main.c        ****  * ========================================
  11:main.c        **** */
  12:main.c        **** #include "project.h"
  13:main.c        **** #include "stdio.h"
  14:main.c        **** 
  15:main.c        **** #define TRANSMIT_BUFFER_SIZE 32
  16:main.c        **** #define NUMBER_OF_SENSORS 6
  17:main.c        **** #define NUMBER_OF_CAN_PARAM 3
  18:main.c        **** 
  19:main.c        **** uint16 TX_DATA[NUMBER_OF_CAN_PARAM];
  20:main.c        **** //uint32 output;
  21:main.c        **** 
  22:main.c        **** uint16 max(uint16 arr[], int n)
  23:main.c        **** {
  28              		.loc 1 23 0
  29              		.cfi_startproc
  30              		@ args = 0, pretend = 0, frame = 0
  31              		@ frame_needed = 0, uses_anonymous_args = 0
  32              		@ link register save eliminated.
  33              	.LVL0:
  34 0000 10B4     		push	{r4}
ARM GAS  C:\Users\UNIPRO~1\AppData\Local\Temp\ccnzvpXF.s 			page 2


  35              		.cfi_def_cfa_offset 4
  36              		.cfi_offset 4, -4
  37 0002 0446     		mov	r4, r0
  38              	.LVL1:
  24:main.c        ****     int i;
  25:main.c        ****     int max = 0;
  39              		.loc 1 25 0
  40 0004 0020     		movs	r0, #0
  41              	.LVL2:
  26:main.c        ****     
  27:main.c        ****     for (i = 0; i < n; i++)
  42              		.loc 1 27 0
  43 0006 0346     		mov	r3, r0
  44 0008 05E0     		b	.L2
  45              	.LVL3:
  46              	.L4:
  28:main.c        ****         if (arr[i] > max)
  47              		.loc 1 28 0
  48 000a 34F81320 		ldrh	r2, [r4, r3, lsl #1]
  49 000e 9042     		cmp	r0, r2
  50 0010 00DA     		bge	.L3
  29:main.c        ****         max = arr[i];
  51              		.loc 1 29 0
  52 0012 1046     		mov	r0, r2
  53              	.LVL4:
  54              	.L3:
  27:main.c        ****         if (arr[i] > max)
  55              		.loc 1 27 0 discriminator 2
  56 0014 0133     		adds	r3, r3, #1
  57              	.LVL5:
  58              	.L2:
  27:main.c        ****         if (arr[i] > max)
  59              		.loc 1 27 0 is_stmt 0 discriminator 1
  60 0016 8B42     		cmp	r3, r1
  61 0018 F7DB     		blt	.L4
  30:main.c        ****         
  31:main.c        ****      return max;
  32:main.c        **** }
  62              		.loc 1 32 0 is_stmt 1
  63 001a 10BC     		pop	{r4}
  64              		.cfi_restore 4
  65              		.cfi_def_cfa_offset 0
  66              	.LVL6:
  67 001c 7047     		bx	lr
  68              		.cfi_endproc
  69              	.LFE64:
  70              		.size	max, .-max
  71 001e 00BF     		.section	.text.min,"ax",%progbits
  72              		.align	2
  73              		.global	min
  74              		.thumb
  75              		.thumb_func
  76              		.type	min, %function
  77              	min:
  78              	.LFB65:
  33:main.c        **** 
  34:main.c        **** uint16 min(uint16 arr[], int n, int max)
ARM GAS  C:\Users\UNIPRO~1\AppData\Local\Temp\ccnzvpXF.s 			page 3


  35:main.c        **** {
  79              		.loc 1 35 0
  80              		.cfi_startproc
  81              		@ args = 0, pretend = 0, frame = 0
  82              		@ frame_needed = 0, uses_anonymous_args = 0
  83              		@ link register save eliminated.
  84              	.LVL7:
  85 0000 10B4     		push	{r4}
  86              		.cfi_def_cfa_offset 4
  87              		.cfi_offset 4, -4
  88              	.LVL8:
  36:main.c        ****     int i;
  37:main.c        ****     int min = max; //Initialising
  38:main.c        ****     
  39:main.c        ****     for (i = 0; i < n; i++){
  89              		.loc 1 39 0
  90 0002 0023     		movs	r3, #0
  91 0004 06E0     		b	.L8
  92              	.LVL9:
  93              	.L10:
  40:main.c        ****         if ((arr[i] < min) && (arr[i] != 0)){
  94              		.loc 1 40 0
  95 0006 30F81340 		ldrh	r4, [r0, r3, lsl #1]
  96 000a A242     		cmp	r2, r4
  97 000c 01DD     		ble	.L9
  98              		.loc 1 40 0 is_stmt 0 discriminator 1
  99 000e 04B1     		cbz	r4, .L9
  41:main.c        ****             min = arr[i];}
 100              		.loc 1 41 0 is_stmt 1
 101 0010 2246     		mov	r2, r4
 102              	.LVL10:
 103              	.L9:
  39:main.c        ****         if ((arr[i] < min) && (arr[i] != 0)){
 104              		.loc 1 39 0 discriminator 2
 105 0012 0133     		adds	r3, r3, #1
 106              	.LVL11:
 107              	.L8:
  39:main.c        ****         if ((arr[i] < min) && (arr[i] != 0)){
 108              		.loc 1 39 0 is_stmt 0 discriminator 1
 109 0014 8B42     		cmp	r3, r1
 110 0016 F6DB     		blt	.L10
  42:main.c        ****     }
  43:main.c        ****         
  44:main.c        ****      return min;
  45:main.c        **** }
 111              		.loc 1 45 0 is_stmt 1
 112 0018 90B2     		uxth	r0, r2
 113              	.LVL12:
 114 001a 10BC     		pop	{r4}
 115              		.cfi_restore 4
 116              		.cfi_def_cfa_offset 0
 117 001c 7047     		bx	lr
 118              		.cfi_endproc
 119              	.LFE65:
 120              		.size	min, .-min
 121 001e 00BF     		.section	.text.avg,"ax",%progbits
 122              		.align	2
ARM GAS  C:\Users\UNIPRO~1\AppData\Local\Temp\ccnzvpXF.s 			page 4


 123              		.global	avg
 124              		.thumb
 125              		.thumb_func
 126              		.type	avg, %function
 127              	avg:
 128              	.LFB66:
  46:main.c        **** 
  47:main.c        **** uint16 avg(uint16 arr[], int n, int max)
  48:main.c        **** {
 129              		.loc 1 48 0
 130              		.cfi_startproc
 131              		@ args = 0, pretend = 0, frame = 0
 132              		@ frame_needed = 0, uses_anonymous_args = 0
 133              		@ link register save eliminated.
 134              	.LVL13:
 135 0000 70B4     		push	{r4, r5, r6}
 136              		.cfi_def_cfa_offset 12
 137              		.cfi_offset 4, -12
 138              		.cfi_offset 5, -8
 139              		.cfi_offset 6, -4
 140              	.LVL14:
  49:main.c        ****     int i;
  50:main.c        ****     int sum = max; //Initialising
 141              		.loc 1 50 0
 142 0002 1546     		mov	r5, r2
  51:main.c        ****     int conn_sensors = 0;
 143              		.loc 1 51 0
 144 0004 0026     		movs	r6, #0
  52:main.c        ****     
  53:main.c        ****     for (i = 0; i < n; i++){
 145              		.loc 1 53 0
 146 0006 3346     		mov	r3, r6
 147 0008 05E0     		b	.L14
 148              	.LVL15:
 149              	.L16:
  54:main.c        ****         if (arr[i] != 0){
 150              		.loc 1 54 0
 151 000a 30F81340 		ldrh	r4, [r0, r3, lsl #1]
 152 000e 0CB1     		cbz	r4, .L15
  55:main.c        ****             sum = sum + arr[i];
 153              		.loc 1 55 0
 154 0010 2544     		add	r5, r5, r4
 155              	.LVL16:
  56:main.c        ****             conn_sensors = conn_sensors + 1;
 156              		.loc 1 56 0
 157 0012 0136     		adds	r6, r6, #1
 158              	.LVL17:
 159              	.L15:
  53:main.c        ****         if (arr[i] != 0){
 160              		.loc 1 53 0 discriminator 2
 161 0014 0133     		adds	r3, r3, #1
 162              	.LVL18:
 163              	.L14:
  53:main.c        ****         if (arr[i] != 0){
 164              		.loc 1 53 0 is_stmt 0 discriminator 1
 165 0016 8B42     		cmp	r3, r1
 166 0018 F7DB     		blt	.L16
ARM GAS  C:\Users\UNIPRO~1\AppData\Local\Temp\ccnzvpXF.s 			page 5


  57:main.c        ****         }
  58:main.c        ****     }
  59:main.c        ****      return ((sum-max)/conn_sensors);
 167              		.loc 1 59 0 is_stmt 1
 168 001a AD1A     		subs	r5, r5, r2
 169              	.LVL19:
 170 001c 95FBF6F0 		sdiv	r0, r5, r6
 171              	.LVL20:
  60:main.c        **** }
 172              		.loc 1 60 0
 173 0020 80B2     		uxth	r0, r0
 174 0022 70BC     		pop	{r4, r5, r6}
 175              		.cfi_restore 6
 176              		.cfi_restore 5
 177              		.cfi_restore 4
 178              		.cfi_def_cfa_offset 0
 179              	.LVL21:
 180 0024 7047     		bx	lr
 181              		.cfi_endproc
 182              	.LFE66:
 183              		.size	avg, .-avg
 184 0026 00BF     		.section	.text.main,"ax",%progbits
 185              		.align	2
 186              		.global	main
 187              		.thumb
 188              		.thumb_func
 189              		.type	main, %function
 190              	main:
 191              	.LFB67:
  61:main.c        **** 
  62:main.c        **** int main(void)
  63:main.c        **** {
 192              		.loc 1 63 0
 193              		.cfi_startproc
 194              		@ args = 0, pretend = 0, frame = 48
 195              		@ frame_needed = 0, uses_anonymous_args = 0
 196 0000 30B5     		push	{r4, r5, lr}
 197              		.cfi_def_cfa_offset 12
 198              		.cfi_offset 4, -12
 199              		.cfi_offset 5, -8
 200              		.cfi_offset 14, -4
 201 0002 8DB0     		sub	sp, sp, #52
 202              		.cfi_def_cfa_offset 64
  64:main.c        ****     CyGlobalIntEnable; /* Enable global interrupts. */
 203              		.loc 1 64 0
 204              		.syntax unified
 205              	@ 64 "main.c" 1
 206 0004 62B6     		CPSIE   i
 207              	@ 0 "" 2
  65:main.c        ****     char TransmitBuffer[TRANSMIT_BUFFER_SIZE];
  66:main.c        ****     /* Place your initialization/startup code here (e.g. MyInst_Start()) */
  67:main.c        ****     UART_1_Start();
 208              		.loc 1 67 0
 209              		.thumb
 210              		.syntax unified
 211 0006 FFF7FEFF 		bl	UART_1_Start
 212              	.LVL22:
ARM GAS  C:\Users\UNIPRO~1\AppData\Local\Temp\ccnzvpXF.s 			page 6


  68:main.c        ****     ADC_DelSig_1_Start();
 213              		.loc 1 68 0
 214 000a FFF7FEFF 		bl	ADC_DelSig_1_Start
 215              	.LVL23:
  69:main.c        ****     AMux_1_Start();
 216              		.loc 1 69 0
 217 000e FFF7FEFF 		bl	AMux_1_Start
 218              	.LVL24:
  70:main.c        ****     CAN_1_Start();
 219              		.loc 1 70 0
 220 0012 FFF7FEFF 		bl	CAN_1_Start
 221              	.LVL25:
  71:main.c        ****     
  72:main.c        ****     ADC_DelSig_1_StartConvert();
 222              		.loc 1 72 0
 223 0016 FFF7FEFF 		bl	ADC_DelSig_1_StartConvert
 224              	.LVL26:
  73:main.c        ****     UART_1_PutString("COM Port Open");
 225              		.loc 1 73 0
 226 001a 3848     		ldr	r0, .L25
 227 001c FFF7FEFF 		bl	UART_1_PutString
 228              	.LVL27:
 229              	.L23:
 230              	.LBB2:
  74:main.c        ****     
  75:main.c        ****     for(;;)
  76:main.c        ****     {   
  77:main.c        ****         /* Place your application code here. */
  78:main.c        ****         uint16 datapin[NUMBER_OF_SENSORS-1];
  79:main.c        ****         int i;
  80:main.c        ****         for (i = 0; i < NUMBER_OF_SENSORS; i++){
 231              		.loc 1 80 0
 232 0020 0024     		movs	r4, #0
 233 0022 2DE0     		b	.L19
 234              	.LVL28:
 235              	.L22:
  81:main.c        ****         AMux_1_Select(i);
 236              		.loc 1 81 0
 237 0024 E0B2     		uxtb	r0, r4
 238 0026 FFF7FEFF 		bl	AMux_1_FastSelect
 239              	.LVL29:
  82:main.c        ****         if(ADC_DelSig_1_IsEndConversion(ADC_DelSig_1_RETURN_STATUS))
 240              		.loc 1 82 0
 241 002a 0120     		movs	r0, #1
 242 002c FFF7FEFF 		bl	ADC_DelSig_1_IsEndConversion
 243              	.LVL30:
 244 0030 10B3     		cbz	r0, .L20
  83:main.c        ****         {
  84:main.c        ****         //ADC_DelSig_1_SetGain(51);
  85:main.c        ****             datapin[i]=  ADC_DelSig_1_CountsTo_mVolts(ADC_DelSig_1_GetResult16());
 245              		.loc 1 85 0
 246 0032 FFF7FEFF 		bl	ADC_DelSig_1_GetResult16
 247              	.LVL31:
 248 0036 FFF7FEFF 		bl	ADC_DelSig_1_CountsTo_mVolts
 249              	.LVL32:
 250 003a 83B2     		uxth	r3, r0
 251 003c 0CAA     		add	r2, sp, #48
ARM GAS  C:\Users\UNIPRO~1\AppData\Local\Temp\ccnzvpXF.s 			page 7


 252 003e 02EB4402 		add	r2, r2, r4, lsl #1
 253 0042 22F82C3C 		strh	r3, [r2, #-44]	@ movhi
  86:main.c        ****             if (datapin[i] < 100){ //Some tolerance for Grounded Voltage (100mV) for 'Disconnected 
 254              		.loc 1 86 0
 255 0046 632B     		cmp	r3, #99
 256 0048 0ED8     		bhi	.L21
  87:main.c        ****                 datapin[i] = 0;
 257              		.loc 1 87 0
 258 004a 0022     		movs	r2, #0
 259 004c 0CAB     		add	r3, sp, #48
 260 004e 03EB4403 		add	r3, r3, r4, lsl #1
 261 0052 23F82C2C 		strh	r2, [r3, #-44]	@ movhi
  88:main.c        ****                 sprintf(TransmitBuffer, "Pin %d to GND\r\n", i);
 262              		.loc 1 88 0
 263 0056 2246     		mov	r2, r4
 264 0058 2949     		ldr	r1, .L25+4
 265 005a 04A8     		add	r0, sp, #16
 266 005c FFF7FEFF 		bl	sprintf
 267              	.LVL33:
  89:main.c        ****                 UART_1_PutString(TransmitBuffer);
 268              		.loc 1 89 0
 269 0060 04A8     		add	r0, sp, #16
 270 0062 FFF7FEFF 		bl	UART_1_PutString
 271              	.LVL34:
 272 0066 07E0     		b	.L20
 273              	.L21:
  90:main.c        ****             }
  91:main.c        ****             else{   
  92:main.c        ****         //output = ADC_DelSig_1_CountsTo_mVolts(ADC_DelSig_1_GetResult8());
  93:main.c        ****             sprintf(TransmitBuffer, "Pin %d: %d mV\r\n", i, datapin[i]);
 274              		.loc 1 93 0
 275 0068 2246     		mov	r2, r4
 276 006a 2649     		ldr	r1, .L25+8
 277 006c 04A8     		add	r0, sp, #16
 278 006e FFF7FEFF 		bl	sprintf
 279              	.LVL35:
  94:main.c        ****             UART_1_PutString(TransmitBuffer);
 280              		.loc 1 94 0
 281 0072 04A8     		add	r0, sp, #16
 282 0074 FFF7FEFF 		bl	UART_1_PutString
 283              	.LVL36:
 284              	.L20:
  95:main.c        ****             }
  96:main.c        ****         }
  97:main.c        ****         
  98:main.c        ****         CyDelay(100);
 285              		.loc 1 98 0 discriminator 2
 286 0078 6420     		movs	r0, #100
 287 007a FFF7FEFF 		bl	CyDelay
 288              	.LVL37:
  80:main.c        ****         AMux_1_Select(i);
 289              		.loc 1 80 0 discriminator 2
 290 007e 0134     		adds	r4, r4, #1
 291              	.LVL38:
 292              	.L19:
  80:main.c        ****         AMux_1_Select(i);
 293              		.loc 1 80 0 is_stmt 0 discriminator 1
ARM GAS  C:\Users\UNIPRO~1\AppData\Local\Temp\ccnzvpXF.s 			page 8


 294 0080 052C     		cmp	r4, #5
 295 0082 CFDD     		ble	.L22
  99:main.c        ****         }
 100:main.c        ****         
 101:main.c        ****         TX_DATA[0] = max(datapin, NUMBER_OF_SENSORS);
 296              		.loc 1 101 0 is_stmt 1
 297 0084 0621     		movs	r1, #6
 298 0086 01A8     		add	r0, sp, #4
 299 0088 FFF7FEFF 		bl	max
 300              	.LVL39:
 301 008c 0546     		mov	r5, r0
 302 008e 1E4C     		ldr	r4, .L25+12
 303              	.LVL40:
 304 0090 2080     		strh	r0, [r4]	@ movhi
 102:main.c        ****         TX_DATA[1] = min(datapin, NUMBER_OF_SENSORS, TX_DATA[0]);
 305              		.loc 1 102 0
 306 0092 0246     		mov	r2, r0
 307 0094 0621     		movs	r1, #6
 308 0096 01A8     		add	r0, sp, #4
 309 0098 FFF7FEFF 		bl	min
 310              	.LVL41:
 311 009c 6080     		strh	r0, [r4, #2]	@ movhi
 103:main.c        ****         TX_DATA[2] = avg(datapin, NUMBER_OF_SENSORS, TX_DATA[0]);
 312              		.loc 1 103 0
 313 009e 2A46     		mov	r2, r5
 314 00a0 0621     		movs	r1, #6
 315 00a2 01A8     		add	r0, sp, #4
 316 00a4 FFF7FEFF 		bl	avg
 317              	.LVL42:
 318 00a8 A080     		strh	r0, [r4, #4]	@ movhi
 104:main.c        ****         //TX_DATA8[0] = (int)min(datapin, NUMBER_OF_SENSORS)*10;
 105:main.c        ****         //TX_DATA8[1] = (int)max(datapin, NUMBER_OF_SENSORS)*10;
 106:main.c        ****         //TX_DATA8[2] = (int)avg(datapin, NUMBER_OF_SENSORS)*10;
 107:main.c        ****         
 108:main.c        ****         sprintf(TransmitBuffer, "\nMax: %d mV\r\n", TX_DATA[0]);
 319              		.loc 1 108 0
 320 00aa 2A46     		mov	r2, r5
 321 00ac 1749     		ldr	r1, .L25+16
 322 00ae 04A8     		add	r0, sp, #16
 323 00b0 FFF7FEFF 		bl	sprintf
 324              	.LVL43:
 109:main.c        ****         UART_1_PutString(TransmitBuffer);
 325              		.loc 1 109 0
 326 00b4 04A8     		add	r0, sp, #16
 327 00b6 FFF7FEFF 		bl	UART_1_PutString
 328              	.LVL44:
 110:main.c        ****         CyDelay(100);
 329              		.loc 1 110 0
 330 00ba 6420     		movs	r0, #100
 331 00bc FFF7FEFF 		bl	CyDelay
 332              	.LVL45:
 111:main.c        ****         sprintf(TransmitBuffer, "Min: %d mV\r\n", TX_DATA[1]);
 333              		.loc 1 111 0
 334 00c0 6288     		ldrh	r2, [r4, #2]
 335 00c2 1349     		ldr	r1, .L25+20
 336 00c4 04A8     		add	r0, sp, #16
 337 00c6 FFF7FEFF 		bl	sprintf
ARM GAS  C:\Users\UNIPRO~1\AppData\Local\Temp\ccnzvpXF.s 			page 9


 338              	.LVL46:
 112:main.c        ****         UART_1_PutString(TransmitBuffer);
 339              		.loc 1 112 0
 340 00ca 04A8     		add	r0, sp, #16
 341 00cc FFF7FEFF 		bl	UART_1_PutString
 342              	.LVL47:
 113:main.c        ****         CyDelay(100);
 343              		.loc 1 113 0
 344 00d0 6420     		movs	r0, #100
 345 00d2 FFF7FEFF 		bl	CyDelay
 346              	.LVL48:
 114:main.c        ****         sprintf(TransmitBuffer, "Avg: %d mV\r\n\n", TX_DATA[2]);
 347              		.loc 1 114 0
 348 00d6 A288     		ldrh	r2, [r4, #4]
 349 00d8 0E49     		ldr	r1, .L25+24
 350 00da 04A8     		add	r0, sp, #16
 351 00dc FFF7FEFF 		bl	sprintf
 352              	.LVL49:
 115:main.c        ****         UART_1_PutString(TransmitBuffer);
 353              		.loc 1 115 0
 354 00e0 04A8     		add	r0, sp, #16
 355 00e2 FFF7FEFF 		bl	UART_1_PutString
 356              	.LVL50:
 116:main.c        ****         CyDelay(100);
 357              		.loc 1 116 0
 358 00e6 6420     		movs	r0, #100
 359 00e8 FFF7FEFF 		bl	CyDelay
 360              	.LVL51:
 117:main.c        ****         
 118:main.c        ****         CAN_1_SendMsg0();
 361              		.loc 1 118 0
 362 00ec FFF7FEFF 		bl	CAN_1_SendMsg0
 363              	.LVL52:
 119:main.c        ****         CyDelay(1000);
 364              		.loc 1 119 0
 365 00f0 4FF47A70 		mov	r0, #1000
 366 00f4 FFF7FEFF 		bl	CyDelay
 367              	.LVL53:
 368              	.LBE2:
 120:main.c        ****     }
 369              		.loc 1 120 0
 370 00f8 92E7     		b	.L23
 371              	.L26:
 372 00fa 00BF     		.align	2
 373              	.L25:
 374 00fc 00000000 		.word	.LC0
 375 0100 10000000 		.word	.LC1
 376 0104 20000000 		.word	.LC2
 377 0108 00000000 		.word	TX_DATA
 378 010c 30000000 		.word	.LC3
 379 0110 40000000 		.word	.LC4
 380 0114 50000000 		.word	.LC5
 381              		.cfi_endproc
 382              	.LFE67:
 383              		.size	main, .-main
 384              		.comm	TX_DATA,6,4
 385              		.section	.rodata.str1.4,"aMS",%progbits,1
ARM GAS  C:\Users\UNIPRO~1\AppData\Local\Temp\ccnzvpXF.s 			page 10


 386              		.align	2
 387              	.LC0:
 388 0000 434F4D20 		.ascii	"COM Port Open\000"
 388      506F7274 
 388      204F7065 
 388      6E00
 389 000e 0000     		.space	2
 390              	.LC1:
 391 0010 50696E20 		.ascii	"Pin %d to GND\015\012\000"
 391      25642074 
 391      6F20474E 
 391      440D0A00 
 392              	.LC2:
 393 0020 50696E20 		.ascii	"Pin %d: %d mV\015\012\000"
 393      25643A20 
 393      2564206D 
 393      560D0A00 
 394              	.LC3:
 395 0030 0A4D6178 		.ascii	"\012Max: %d mV\015\012\000"
 395      3A202564 
 395      206D560D 
 395      0A00
 396 003e 0000     		.space	2
 397              	.LC4:
 398 0040 4D696E3A 		.ascii	"Min: %d mV\015\012\000"
 398      20256420 
 398      6D560D0A 
 398      00
 399 004d 000000   		.space	3
 400              	.LC5:
 401 0050 4176673A 		.ascii	"Avg: %d mV\015\012\012\000"
 401      20256420 
 401      6D560D0A 
 401      0A00
 402              		.text
 403              	.Letext0:
 404              		.file 2 "c:\\program files (x86)\\cypress\\psoc creator\\4.4\\psoc creator\\import\\gnu\\arm\\5.4.
 405              		.file 3 "c:\\program files (x86)\\cypress\\psoc creator\\4.4\\psoc creator\\import\\gnu\\arm\\5.4.
 406              		.file 4 "Generated_Source\\PSoC5/cytypes.h"
 407              		.file 5 "Generated_Source\\PSoC5/core_cm3.h"
 408              		.file 6 "Generated_Source\\PSoC5/AMux_1.h"
 409              		.file 7 "Generated_Source\\PSoC5/ADC_DelSig_1.h"
 410              		.file 8 "c:\\program files (x86)\\cypress\\psoc creator\\4.4\\psoc creator\\import\\gnu\\arm\\5.4.
 411              		.file 9 "Generated_Source\\PSoC5/UART_1.h"
 412              		.file 10 "Generated_Source\\PSoC5/CyLib.h"
 413              		.file 11 "Generated_Source\\PSoC5/CAN_1.h"
 414              		.section	.debug_info,"",%progbits
 415              	.Ldebug_info0:
 416 0000 40050000 		.4byte	0x540
 417 0004 0400     		.2byte	0x4
 418 0006 00000000 		.4byte	.Ldebug_abbrev0
 419 000a 04       		.byte	0x4
 420 000b 01       		.uleb128 0x1
 421 000c 61000000 		.4byte	.LASF35
 422 0010 0C       		.byte	0xc
 423 0011 F0010000 		.4byte	.LASF36
 424 0015 5E020000 		.4byte	.LASF37
ARM GAS  C:\Users\UNIPRO~1\AppData\Local\Temp\ccnzvpXF.s 			page 11


 425 0019 00000000 		.4byte	.Ldebug_ranges0+0
 426 001d 00000000 		.4byte	0
 427 0021 00000000 		.4byte	.Ldebug_line0
 428 0025 02       		.uleb128 0x2
 429 0026 01       		.byte	0x1
 430 0027 06       		.byte	0x6
 431 0028 47000000 		.4byte	.LASF0
 432 002c 02       		.uleb128 0x2
 433 002d 01       		.byte	0x1
 434 002e 08       		.byte	0x8
 435 002f 53000000 		.4byte	.LASF1
 436 0033 02       		.uleb128 0x2
 437 0034 02       		.byte	0x2
 438 0035 05       		.byte	0x5
 439 0036 FC010000 		.4byte	.LASF2
 440 003a 02       		.uleb128 0x2
 441 003b 02       		.byte	0x2
 442 003c 07       		.byte	0x7
 443 003d 01010000 		.4byte	.LASF3
 444 0041 03       		.uleb128 0x3
 445 0042 30000000 		.4byte	.LASF9
 446 0046 02       		.byte	0x2
 447 0047 3F       		.byte	0x3f
 448 0048 4C000000 		.4byte	0x4c
 449 004c 02       		.uleb128 0x2
 450 004d 04       		.byte	0x4
 451 004e 05       		.byte	0x5
 452 004f 23020000 		.4byte	.LASF4
 453 0053 02       		.uleb128 0x2
 454 0054 04       		.byte	0x4
 455 0055 07       		.byte	0x7
 456 0056 29010000 		.4byte	.LASF5
 457 005a 02       		.uleb128 0x2
 458 005b 08       		.byte	0x8
 459 005c 05       		.byte	0x5
 460 005d 00000000 		.4byte	.LASF6
 461 0061 02       		.uleb128 0x2
 462 0062 08       		.byte	0x8
 463 0063 07       		.byte	0x7
 464 0064 AC010000 		.4byte	.LASF7
 465 0068 04       		.uleb128 0x4
 466 0069 04       		.byte	0x4
 467 006a 05       		.byte	0x5
 468 006b 696E7400 		.ascii	"int\000"
 469 006f 02       		.uleb128 0x2
 470 0070 04       		.byte	0x4
 471 0071 07       		.byte	0x7
 472 0072 82010000 		.4byte	.LASF8
 473 0076 03       		.uleb128 0x3
 474 0077 C3010000 		.4byte	.LASF10
 475 007b 03       		.byte	0x3
 476 007c 2C       		.byte	0x2c
 477 007d 41000000 		.4byte	0x41
 478 0081 05       		.uleb128 0x5
 479 0082 4A010000 		.4byte	.LASF11
 480 0086 04       		.byte	0x4
 481 0087 E901     		.2byte	0x1e9
ARM GAS  C:\Users\UNIPRO~1\AppData\Local\Temp\ccnzvpXF.s 			page 12


 482 0089 3A000000 		.4byte	0x3a
 483 008d 02       		.uleb128 0x2
 484 008e 04       		.byte	0x4
 485 008f 04       		.byte	0x4
 486 0090 41000000 		.4byte	.LASF12
 487 0094 02       		.uleb128 0x2
 488 0095 08       		.byte	0x8
 489 0096 04       		.byte	0x4
 490 0097 3A000000 		.4byte	.LASF13
 491 009b 02       		.uleb128 0x2
 492 009c 01       		.byte	0x1
 493 009d 08       		.byte	0x8
 494 009e F7010000 		.4byte	.LASF14
 495 00a2 02       		.uleb128 0x2
 496 00a3 08       		.byte	0x8
 497 00a4 04       		.byte	0x4
 498 00a5 46020000 		.4byte	.LASF15
 499 00a9 02       		.uleb128 0x2
 500 00aa 04       		.byte	0x4
 501 00ab 07       		.byte	0x7
 502 00ac DA010000 		.4byte	.LASF16
 503 00b0 06       		.uleb128 0x6
 504 00b1 6D617800 		.ascii	"max\000"
 505 00b5 01       		.byte	0x1
 506 00b6 16       		.byte	0x16
 507 00b7 81000000 		.4byte	0x81
 508 00bb 00000000 		.4byte	.LFB64
 509 00bf 1E000000 		.4byte	.LFE64-.LFB64
 510 00c3 01       		.uleb128 0x1
 511 00c4 9C       		.byte	0x9c
 512 00c5 00010000 		.4byte	0x100
 513 00c9 07       		.uleb128 0x7
 514 00ca 61727200 		.ascii	"arr\000"
 515 00ce 01       		.byte	0x1
 516 00cf 16       		.byte	0x16
 517 00d0 00010000 		.4byte	0x100
 518 00d4 00000000 		.4byte	.LLST0
 519 00d8 08       		.uleb128 0x8
 520 00d9 6E00     		.ascii	"n\000"
 521 00db 01       		.byte	0x1
 522 00dc 16       		.byte	0x16
 523 00dd 68000000 		.4byte	0x68
 524 00e1 01       		.uleb128 0x1
 525 00e2 51       		.byte	0x51
 526 00e3 09       		.uleb128 0x9
 527 00e4 6900     		.ascii	"i\000"
 528 00e6 01       		.byte	0x1
 529 00e7 18       		.byte	0x18
 530 00e8 68000000 		.4byte	0x68
 531 00ec 2C000000 		.4byte	.LLST1
 532 00f0 09       		.uleb128 0x9
 533 00f1 6D617800 		.ascii	"max\000"
 534 00f5 01       		.byte	0x1
 535 00f6 19       		.byte	0x19
 536 00f7 68000000 		.4byte	0x68
 537 00fb 4B000000 		.4byte	.LLST2
 538 00ff 00       		.byte	0
ARM GAS  C:\Users\UNIPRO~1\AppData\Local\Temp\ccnzvpXF.s 			page 13


 539 0100 0A       		.uleb128 0xa
 540 0101 04       		.byte	0x4
 541 0102 81000000 		.4byte	0x81
 542 0106 06       		.uleb128 0x6
 543 0107 6D696E00 		.ascii	"min\000"
 544 010b 01       		.byte	0x1
 545 010c 22       		.byte	0x22
 546 010d 81000000 		.4byte	0x81
 547 0111 00000000 		.4byte	.LFB65
 548 0115 1E000000 		.4byte	.LFE65-.LFB65
 549 0119 01       		.uleb128 0x1
 550 011a 9C       		.byte	0x9c
 551 011b 63010000 		.4byte	0x163
 552 011f 07       		.uleb128 0x7
 553 0120 61727200 		.ascii	"arr\000"
 554 0124 01       		.byte	0x1
 555 0125 22       		.byte	0x22
 556 0126 00010000 		.4byte	0x100
 557 012a 6A000000 		.4byte	.LLST3
 558 012e 08       		.uleb128 0x8
 559 012f 6E00     		.ascii	"n\000"
 560 0131 01       		.byte	0x1
 561 0132 22       		.byte	0x22
 562 0133 68000000 		.4byte	0x68
 563 0137 01       		.uleb128 0x1
 564 0138 51       		.byte	0x51
 565 0139 07       		.uleb128 0x7
 566 013a 6D617800 		.ascii	"max\000"
 567 013e 01       		.byte	0x1
 568 013f 22       		.byte	0x22
 569 0140 68000000 		.4byte	0x68
 570 0144 8B000000 		.4byte	.LLST4
 571 0148 09       		.uleb128 0x9
 572 0149 6900     		.ascii	"i\000"
 573 014b 01       		.byte	0x1
 574 014c 24       		.byte	0x24
 575 014d 68000000 		.4byte	0x68
 576 0151 AC000000 		.4byte	.LLST5
 577 0155 0B       		.uleb128 0xb
 578 0156 6D696E00 		.ascii	"min\000"
 579 015a 01       		.byte	0x1
 580 015b 25       		.byte	0x25
 581 015c 68000000 		.4byte	0x68
 582 0160 01       		.uleb128 0x1
 583 0161 52       		.byte	0x52
 584 0162 00       		.byte	0
 585 0163 06       		.uleb128 0x6
 586 0164 61766700 		.ascii	"avg\000"
 587 0168 01       		.byte	0x1
 588 0169 2F       		.byte	0x2f
 589 016a 81000000 		.4byte	0x81
 590 016e 00000000 		.4byte	.LFB66
 591 0172 26000000 		.4byte	.LFE66-.LFB66
 592 0176 01       		.uleb128 0x1
 593 0177 9C       		.byte	0x9c
 594 0178 CF010000 		.4byte	0x1cf
 595 017c 07       		.uleb128 0x7
ARM GAS  C:\Users\UNIPRO~1\AppData\Local\Temp\ccnzvpXF.s 			page 14


 596 017d 61727200 		.ascii	"arr\000"
 597 0181 01       		.byte	0x1
 598 0182 2F       		.byte	0x2f
 599 0183 00010000 		.4byte	0x100
 600 0187 CB000000 		.4byte	.LLST6
 601 018b 08       		.uleb128 0x8
 602 018c 6E00     		.ascii	"n\000"
 603 018e 01       		.byte	0x1
 604 018f 2F       		.byte	0x2f
 605 0190 68000000 		.4byte	0x68
 606 0194 01       		.uleb128 0x1
 607 0195 51       		.byte	0x51
 608 0196 08       		.uleb128 0x8
 609 0197 6D617800 		.ascii	"max\000"
 610 019b 01       		.byte	0x1
 611 019c 2F       		.byte	0x2f
 612 019d 68000000 		.4byte	0x68
 613 01a1 01       		.uleb128 0x1
 614 01a2 52       		.byte	0x52
 615 01a3 09       		.uleb128 0x9
 616 01a4 6900     		.ascii	"i\000"
 617 01a6 01       		.byte	0x1
 618 01a7 31       		.byte	0x31
 619 01a8 68000000 		.4byte	0x68
 620 01ac EC000000 		.4byte	.LLST7
 621 01b0 09       		.uleb128 0x9
 622 01b1 73756D00 		.ascii	"sum\000"
 623 01b5 01       		.byte	0x1
 624 01b6 32       		.byte	0x32
 625 01b7 68000000 		.4byte	0x68
 626 01bb 0B010000 		.4byte	.LLST8
 627 01bf 0C       		.uleb128 0xc
 628 01c0 23000000 		.4byte	.LASF17
 629 01c4 01       		.byte	0x1
 630 01c5 33       		.byte	0x33
 631 01c6 68000000 		.4byte	0x68
 632 01ca 29010000 		.4byte	.LLST9
 633 01ce 00       		.byte	0
 634 01cf 0D       		.uleb128 0xd
 635 01d0 51010000 		.4byte	.LASF38
 636 01d4 01       		.byte	0x1
 637 01d5 3E       		.byte	0x3e
 638 01d6 68000000 		.4byte	0x68
 639 01da 00000000 		.4byte	.LFB67
 640 01de 18010000 		.4byte	.LFE67-.LFB67
 641 01e2 01       		.uleb128 0x1
 642 01e3 9C       		.byte	0x9c
 643 01e4 61040000 		.4byte	0x461
 644 01e8 0E       		.uleb128 0xe
 645 01e9 CB010000 		.4byte	.LASF18
 646 01ed 01       		.byte	0x1
 647 01ee 41       		.byte	0x41
 648 01ef 61040000 		.4byte	0x461
 649 01f3 02       		.uleb128 0x2
 650 01f4 91       		.byte	0x91
 651 01f5 50       		.sleb128 -48
 652 01f6 0F       		.uleb128 0xf
ARM GAS  C:\Users\UNIPRO~1\AppData\Local\Temp\ccnzvpXF.s 			page 15


 653 01f7 20000000 		.4byte	.LBB2
 654 01fb D8000000 		.4byte	.LBE2-.LBB2
 655 01ff 20040000 		.4byte	0x420
 656 0203 0E       		.uleb128 0xe
 657 0204 0E000000 		.4byte	.LASF19
 658 0208 01       		.byte	0x1
 659 0209 4E       		.byte	0x4e
 660 020a 71040000 		.4byte	0x471
 661 020e 02       		.uleb128 0x2
 662 020f 91       		.byte	0x91
 663 0210 44       		.sleb128 -60
 664 0211 09       		.uleb128 0x9
 665 0212 6900     		.ascii	"i\000"
 666 0214 01       		.byte	0x1
 667 0215 4F       		.byte	0x4f
 668 0216 68000000 		.4byte	0x68
 669 021a 48010000 		.4byte	.LLST10
 670 021e 10       		.uleb128 0x10
 671 021f 2A000000 		.4byte	.LVL29
 672 0223 B3040000 		.4byte	0x4b3
 673 0227 32020000 		.4byte	0x232
 674 022b 11       		.uleb128 0x11
 675 022c 01       		.uleb128 0x1
 676 022d 50       		.byte	0x50
 677 022e 02       		.uleb128 0x2
 678 022f 74       		.byte	0x74
 679 0230 00       		.sleb128 0
 680 0231 00       		.byte	0
 681 0232 10       		.uleb128 0x10
 682 0233 30000000 		.4byte	.LVL30
 683 0237 BE040000 		.4byte	0x4be
 684 023b 45020000 		.4byte	0x245
 685 023f 11       		.uleb128 0x11
 686 0240 01       		.uleb128 0x1
 687 0241 50       		.byte	0x50
 688 0242 01       		.uleb128 0x1
 689 0243 31       		.byte	0x31
 690 0244 00       		.byte	0
 691 0245 12       		.uleb128 0x12
 692 0246 36000000 		.4byte	.LVL31
 693 024a C9040000 		.4byte	0x4c9
 694 024e 12       		.uleb128 0x12
 695 024f 3A000000 		.4byte	.LVL32
 696 0253 D4040000 		.4byte	0x4d4
 697 0257 10       		.uleb128 0x10
 698 0258 60000000 		.4byte	.LVL33
 699 025c DF040000 		.4byte	0x4df
 700 0260 7A020000 		.4byte	0x27a
 701 0264 11       		.uleb128 0x11
 702 0265 01       		.uleb128 0x1
 703 0266 50       		.byte	0x50
 704 0267 02       		.uleb128 0x2
 705 0268 91       		.byte	0x91
 706 0269 50       		.sleb128 -48
 707 026a 11       		.uleb128 0x11
 708 026b 01       		.uleb128 0x1
 709 026c 51       		.byte	0x51
ARM GAS  C:\Users\UNIPRO~1\AppData\Local\Temp\ccnzvpXF.s 			page 16


 710 026d 05       		.uleb128 0x5
 711 026e 03       		.byte	0x3
 712 026f 10000000 		.4byte	.LC1
 713 0273 11       		.uleb128 0x11
 714 0274 01       		.uleb128 0x1
 715 0275 52       		.byte	0x52
 716 0276 02       		.uleb128 0x2
 717 0277 74       		.byte	0x74
 718 0278 00       		.sleb128 0
 719 0279 00       		.byte	0
 720 027a 10       		.uleb128 0x10
 721 027b 66000000 		.4byte	.LVL34
 722 027f EA040000 		.4byte	0x4ea
 723 0283 8E020000 		.4byte	0x28e
 724 0287 11       		.uleb128 0x11
 725 0288 01       		.uleb128 0x1
 726 0289 50       		.byte	0x50
 727 028a 02       		.uleb128 0x2
 728 028b 91       		.byte	0x91
 729 028c 50       		.sleb128 -48
 730 028d 00       		.byte	0
 731 028e 10       		.uleb128 0x10
 732 028f 72000000 		.4byte	.LVL35
 733 0293 DF040000 		.4byte	0x4df
 734 0297 B1020000 		.4byte	0x2b1
 735 029b 11       		.uleb128 0x11
 736 029c 01       		.uleb128 0x1
 737 029d 50       		.byte	0x50
 738 029e 02       		.uleb128 0x2
 739 029f 91       		.byte	0x91
 740 02a0 50       		.sleb128 -48
 741 02a1 11       		.uleb128 0x11
 742 02a2 01       		.uleb128 0x1
 743 02a3 51       		.byte	0x51
 744 02a4 05       		.uleb128 0x5
 745 02a5 03       		.byte	0x3
 746 02a6 20000000 		.4byte	.LC2
 747 02aa 11       		.uleb128 0x11
 748 02ab 01       		.uleb128 0x1
 749 02ac 52       		.byte	0x52
 750 02ad 02       		.uleb128 0x2
 751 02ae 74       		.byte	0x74
 752 02af 00       		.sleb128 0
 753 02b0 00       		.byte	0
 754 02b1 10       		.uleb128 0x10
 755 02b2 78000000 		.4byte	.LVL36
 756 02b6 EA040000 		.4byte	0x4ea
 757 02ba C5020000 		.4byte	0x2c5
 758 02be 11       		.uleb128 0x11
 759 02bf 01       		.uleb128 0x1
 760 02c0 50       		.byte	0x50
 761 02c1 02       		.uleb128 0x2
 762 02c2 91       		.byte	0x91
 763 02c3 50       		.sleb128 -48
 764 02c4 00       		.byte	0
 765 02c5 10       		.uleb128 0x10
 766 02c6 7E000000 		.4byte	.LVL37
ARM GAS  C:\Users\UNIPRO~1\AppData\Local\Temp\ccnzvpXF.s 			page 17


 767 02ca F5040000 		.4byte	0x4f5
 768 02ce D9020000 		.4byte	0x2d9
 769 02d2 11       		.uleb128 0x11
 770 02d3 01       		.uleb128 0x1
 771 02d4 50       		.byte	0x50
 772 02d5 02       		.uleb128 0x2
 773 02d6 08       		.byte	0x8
 774 02d7 64       		.byte	0x64
 775 02d8 00       		.byte	0
 776 02d9 10       		.uleb128 0x10
 777 02da 8C000000 		.4byte	.LVL39
 778 02de B0000000 		.4byte	0xb0
 779 02e2 F2020000 		.4byte	0x2f2
 780 02e6 11       		.uleb128 0x11
 781 02e7 01       		.uleb128 0x1
 782 02e8 50       		.byte	0x50
 783 02e9 02       		.uleb128 0x2
 784 02ea 91       		.byte	0x91
 785 02eb 44       		.sleb128 -60
 786 02ec 11       		.uleb128 0x11
 787 02ed 01       		.uleb128 0x1
 788 02ee 51       		.byte	0x51
 789 02ef 01       		.uleb128 0x1
 790 02f0 36       		.byte	0x36
 791 02f1 00       		.byte	0
 792 02f2 10       		.uleb128 0x10
 793 02f3 9C000000 		.4byte	.LVL41
 794 02f7 06010000 		.4byte	0x106
 795 02fb 11030000 		.4byte	0x311
 796 02ff 11       		.uleb128 0x11
 797 0300 01       		.uleb128 0x1
 798 0301 50       		.byte	0x50
 799 0302 02       		.uleb128 0x2
 800 0303 91       		.byte	0x91
 801 0304 44       		.sleb128 -60
 802 0305 11       		.uleb128 0x11
 803 0306 01       		.uleb128 0x1
 804 0307 51       		.byte	0x51
 805 0308 01       		.uleb128 0x1
 806 0309 36       		.byte	0x36
 807 030a 11       		.uleb128 0x11
 808 030b 01       		.uleb128 0x1
 809 030c 52       		.byte	0x52
 810 030d 02       		.uleb128 0x2
 811 030e 75       		.byte	0x75
 812 030f 00       		.sleb128 0
 813 0310 00       		.byte	0
 814 0311 10       		.uleb128 0x10
 815 0312 A8000000 		.4byte	.LVL42
 816 0316 63010000 		.4byte	0x163
 817 031a 30030000 		.4byte	0x330
 818 031e 11       		.uleb128 0x11
 819 031f 01       		.uleb128 0x1
 820 0320 50       		.byte	0x50
 821 0321 02       		.uleb128 0x2
 822 0322 91       		.byte	0x91
 823 0323 44       		.sleb128 -60
ARM GAS  C:\Users\UNIPRO~1\AppData\Local\Temp\ccnzvpXF.s 			page 18


 824 0324 11       		.uleb128 0x11
 825 0325 01       		.uleb128 0x1
 826 0326 51       		.byte	0x51
 827 0327 01       		.uleb128 0x1
 828 0328 36       		.byte	0x36
 829 0329 11       		.uleb128 0x11
 830 032a 01       		.uleb128 0x1
 831 032b 52       		.byte	0x52
 832 032c 02       		.uleb128 0x2
 833 032d 75       		.byte	0x75
 834 032e 00       		.sleb128 0
 835 032f 00       		.byte	0
 836 0330 10       		.uleb128 0x10
 837 0331 B4000000 		.4byte	.LVL43
 838 0335 DF040000 		.4byte	0x4df
 839 0339 53030000 		.4byte	0x353
 840 033d 11       		.uleb128 0x11
 841 033e 01       		.uleb128 0x1
 842 033f 50       		.byte	0x50
 843 0340 02       		.uleb128 0x2
 844 0341 91       		.byte	0x91
 845 0342 50       		.sleb128 -48
 846 0343 11       		.uleb128 0x11
 847 0344 01       		.uleb128 0x1
 848 0345 51       		.byte	0x51
 849 0346 05       		.uleb128 0x5
 850 0347 03       		.byte	0x3
 851 0348 30000000 		.4byte	.LC3
 852 034c 11       		.uleb128 0x11
 853 034d 01       		.uleb128 0x1
 854 034e 52       		.byte	0x52
 855 034f 02       		.uleb128 0x2
 856 0350 75       		.byte	0x75
 857 0351 00       		.sleb128 0
 858 0352 00       		.byte	0
 859 0353 10       		.uleb128 0x10
 860 0354 BA000000 		.4byte	.LVL44
 861 0358 EA040000 		.4byte	0x4ea
 862 035c 67030000 		.4byte	0x367
 863 0360 11       		.uleb128 0x11
 864 0361 01       		.uleb128 0x1
 865 0362 50       		.byte	0x50
 866 0363 02       		.uleb128 0x2
 867 0364 91       		.byte	0x91
 868 0365 50       		.sleb128 -48
 869 0366 00       		.byte	0
 870 0367 10       		.uleb128 0x10
 871 0368 C0000000 		.4byte	.LVL45
 872 036c F5040000 		.4byte	0x4f5
 873 0370 7B030000 		.4byte	0x37b
 874 0374 11       		.uleb128 0x11
 875 0375 01       		.uleb128 0x1
 876 0376 50       		.byte	0x50
 877 0377 02       		.uleb128 0x2
 878 0378 08       		.byte	0x8
 879 0379 64       		.byte	0x64
 880 037a 00       		.byte	0
ARM GAS  C:\Users\UNIPRO~1\AppData\Local\Temp\ccnzvpXF.s 			page 19


 881 037b 10       		.uleb128 0x10
 882 037c CA000000 		.4byte	.LVL46
 883 0380 DF040000 		.4byte	0x4df
 884 0384 98030000 		.4byte	0x398
 885 0388 11       		.uleb128 0x11
 886 0389 01       		.uleb128 0x1
 887 038a 50       		.byte	0x50
 888 038b 02       		.uleb128 0x2
 889 038c 91       		.byte	0x91
 890 038d 50       		.sleb128 -48
 891 038e 11       		.uleb128 0x11
 892 038f 01       		.uleb128 0x1
 893 0390 51       		.byte	0x51
 894 0391 05       		.uleb128 0x5
 895 0392 03       		.byte	0x3
 896 0393 40000000 		.4byte	.LC4
 897 0397 00       		.byte	0
 898 0398 10       		.uleb128 0x10
 899 0399 D0000000 		.4byte	.LVL47
 900 039d EA040000 		.4byte	0x4ea
 901 03a1 AC030000 		.4byte	0x3ac
 902 03a5 11       		.uleb128 0x11
 903 03a6 01       		.uleb128 0x1
 904 03a7 50       		.byte	0x50
 905 03a8 02       		.uleb128 0x2
 906 03a9 91       		.byte	0x91
 907 03aa 50       		.sleb128 -48
 908 03ab 00       		.byte	0
 909 03ac 10       		.uleb128 0x10
 910 03ad D6000000 		.4byte	.LVL48
 911 03b1 F5040000 		.4byte	0x4f5
 912 03b5 C0030000 		.4byte	0x3c0
 913 03b9 11       		.uleb128 0x11
 914 03ba 01       		.uleb128 0x1
 915 03bb 50       		.byte	0x50
 916 03bc 02       		.uleb128 0x2
 917 03bd 08       		.byte	0x8
 918 03be 64       		.byte	0x64
 919 03bf 00       		.byte	0
 920 03c0 10       		.uleb128 0x10
 921 03c1 E0000000 		.4byte	.LVL49
 922 03c5 DF040000 		.4byte	0x4df
 923 03c9 DD030000 		.4byte	0x3dd
 924 03cd 11       		.uleb128 0x11
 925 03ce 01       		.uleb128 0x1
 926 03cf 50       		.byte	0x50
 927 03d0 02       		.uleb128 0x2
 928 03d1 91       		.byte	0x91
 929 03d2 50       		.sleb128 -48
 930 03d3 11       		.uleb128 0x11
 931 03d4 01       		.uleb128 0x1
 932 03d5 51       		.byte	0x51
 933 03d6 05       		.uleb128 0x5
 934 03d7 03       		.byte	0x3
 935 03d8 50000000 		.4byte	.LC5
 936 03dc 00       		.byte	0
 937 03dd 10       		.uleb128 0x10
ARM GAS  C:\Users\UNIPRO~1\AppData\Local\Temp\ccnzvpXF.s 			page 20


 938 03de E6000000 		.4byte	.LVL50
 939 03e2 EA040000 		.4byte	0x4ea
 940 03e6 F1030000 		.4byte	0x3f1
 941 03ea 11       		.uleb128 0x11
 942 03eb 01       		.uleb128 0x1
 943 03ec 50       		.byte	0x50
 944 03ed 02       		.uleb128 0x2
 945 03ee 91       		.byte	0x91
 946 03ef 50       		.sleb128 -48
 947 03f0 00       		.byte	0
 948 03f1 10       		.uleb128 0x10
 949 03f2 EC000000 		.4byte	.LVL51
 950 03f6 F5040000 		.4byte	0x4f5
 951 03fa 05040000 		.4byte	0x405
 952 03fe 11       		.uleb128 0x11
 953 03ff 01       		.uleb128 0x1
 954 0400 50       		.byte	0x50
 955 0401 02       		.uleb128 0x2
 956 0402 08       		.byte	0x8
 957 0403 64       		.byte	0x64
 958 0404 00       		.byte	0
 959 0405 12       		.uleb128 0x12
 960 0406 F0000000 		.4byte	.LVL52
 961 040a 00050000 		.4byte	0x500
 962 040e 13       		.uleb128 0x13
 963 040f F8000000 		.4byte	.LVL53
 964 0413 F5040000 		.4byte	0x4f5
 965 0417 11       		.uleb128 0x11
 966 0418 01       		.uleb128 0x1
 967 0419 50       		.byte	0x50
 968 041a 03       		.uleb128 0x3
 969 041b 0A       		.byte	0xa
 970 041c E803     		.2byte	0x3e8
 971 041e 00       		.byte	0
 972 041f 00       		.byte	0
 973 0420 12       		.uleb128 0x12
 974 0421 0A000000 		.4byte	.LVL22
 975 0425 0C050000 		.4byte	0x50c
 976 0429 12       		.uleb128 0x12
 977 042a 0E000000 		.4byte	.LVL23
 978 042e 17050000 		.4byte	0x517
 979 0432 12       		.uleb128 0x12
 980 0433 12000000 		.4byte	.LVL24
 981 0437 22050000 		.4byte	0x522
 982 043b 12       		.uleb128 0x12
 983 043c 16000000 		.4byte	.LVL25
 984 0440 2D050000 		.4byte	0x52d
 985 0444 12       		.uleb128 0x12
 986 0445 1A000000 		.4byte	.LVL26
 987 0449 38050000 		.4byte	0x538
 988 044d 13       		.uleb128 0x13
 989 044e 20000000 		.4byte	.LVL27
 990 0452 EA040000 		.4byte	0x4ea
 991 0456 11       		.uleb128 0x11
 992 0457 01       		.uleb128 0x1
 993 0458 50       		.byte	0x50
 994 0459 05       		.uleb128 0x5
ARM GAS  C:\Users\UNIPRO~1\AppData\Local\Temp\ccnzvpXF.s 			page 21


 995 045a 03       		.byte	0x3
 996 045b 00000000 		.4byte	.LC0
 997 045f 00       		.byte	0
 998 0460 00       		.byte	0
 999 0461 14       		.uleb128 0x14
 1000 0462 9B000000 		.4byte	0x9b
 1001 0466 71040000 		.4byte	0x471
 1002 046a 15       		.uleb128 0x15
 1003 046b A9000000 		.4byte	0xa9
 1004 046f 1F       		.byte	0x1f
 1005 0470 00       		.byte	0
 1006 0471 14       		.uleb128 0x14
 1007 0472 81000000 		.4byte	0x81
 1008 0476 81040000 		.4byte	0x481
 1009 047a 15       		.uleb128 0x15
 1010 047b A9000000 		.4byte	0xa9
 1011 047f 04       		.byte	0x4
 1012 0480 00       		.byte	0
 1013 0481 16       		.uleb128 0x16
 1014 0482 1C010000 		.4byte	.LASF20
 1015 0486 05       		.byte	0x5
 1016 0487 1207     		.2byte	0x712
 1017 0489 8D040000 		.4byte	0x48d
 1018 048d 17       		.uleb128 0x17
 1019 048e 76000000 		.4byte	0x76
 1020 0492 14       		.uleb128 0x14
 1021 0493 81000000 		.4byte	0x81
 1022 0497 A2040000 		.4byte	0x4a2
 1023 049b 15       		.uleb128 0x15
 1024 049c A9000000 		.4byte	0xa9
 1025 04a0 02       		.byte	0x2
 1026 04a1 00       		.byte	0
 1027 04a2 18       		.uleb128 0x18
 1028 04a3 14010000 		.4byte	.LASF21
 1029 04a7 01       		.byte	0x1
 1030 04a8 13       		.byte	0x13
 1031 04a9 92040000 		.4byte	0x492
 1032 04ad 05       		.uleb128 0x5
 1033 04ae 03       		.byte	0x3
 1034 04af 00000000 		.4byte	TX_DATA
 1035 04b3 19       		.uleb128 0x19
 1036 04b4 EF000000 		.4byte	.LASF22
 1037 04b8 EF000000 		.4byte	.LASF22
 1038 04bc 06       		.byte	0x6
 1039 04bd 27       		.byte	0x27
 1040 04be 19       		.uleb128 0x19
 1041 04bf 06020000 		.4byte	.LASF23
 1042 04c3 06020000 		.4byte	.LASF23
 1043 04c7 07       		.byte	0x7
 1044 04c8 3F       		.byte	0x3f
 1045 04c9 19       		.uleb128 0x19
 1046 04ca 56010000 		.4byte	.LASF24
 1047 04ce 56010000 		.4byte	.LASF24
 1048 04d2 07       		.byte	0x7
 1049 04d3 41       		.byte	0x41
 1050 04d4 19       		.uleb128 0x19
 1051 04d5 8F010000 		.4byte	.LASF25
ARM GAS  C:\Users\UNIPRO~1\AppData\Local\Temp\ccnzvpXF.s 			page 22


 1052 04d9 8F010000 		.4byte	.LASF25
 1053 04dd 07       		.byte	0x7
 1054 04de 47       		.byte	0x47
 1055 04df 19       		.uleb128 0x19
 1056 04e0 B3020000 		.4byte	.LASF26
 1057 04e4 B3020000 		.4byte	.LASF26
 1058 04e8 08       		.byte	0x8
 1059 04e9 E7       		.byte	0xe7
 1060 04ea 19       		.uleb128 0x19
 1061 04eb A2020000 		.4byte	.LASF27
 1062 04ef A2020000 		.4byte	.LASF27
 1063 04f3 09       		.byte	0x9
 1064 04f4 8B       		.byte	0x8b
 1065 04f5 19       		.uleb128 0x19
 1066 04f6 BB020000 		.4byte	.LASF28
 1067 04fa BB020000 		.4byte	.LASF28
 1068 04fe 0A       		.byte	0xa
 1069 04ff 76       		.byte	0x76
 1070 0500 1A       		.uleb128 0x1a
 1071 0501 3B010000 		.4byte	.LASF29
 1072 0505 3B010000 		.4byte	.LASF29
 1073 0509 0B       		.byte	0xb
 1074 050a 1D01     		.2byte	0x11d
 1075 050c 19       		.uleb128 0x19
 1076 050d 16000000 		.4byte	.LASF30
 1077 0511 16000000 		.4byte	.LASF30
 1078 0515 09       		.byte	0x9
 1079 0516 54       		.byte	0x54
 1080 0517 19       		.uleb128 0x19
 1081 0518 6F010000 		.4byte	.LASF31
 1082 051c 6F010000 		.4byte	.LASF31
 1083 0520 07       		.byte	0x7
 1084 0521 3A       		.byte	0x3a
 1085 0522 19       		.uleb128 0x19
 1086 0523 E3010000 		.4byte	.LASF32
 1087 0527 E3010000 		.4byte	.LASF32
 1088 052b 06       		.byte	0x6
 1089 052c 25       		.byte	0x25
 1090 052d 19       		.uleb128 0x19
 1091 052e 52020000 		.4byte	.LASF33
 1092 0532 52020000 		.4byte	.LASF33
 1093 0536 0B       		.byte	0xb
 1094 0537 C5       		.byte	0xc5
 1095 0538 19       		.uleb128 0x19
 1096 0539 2C020000 		.4byte	.LASF34
 1097 053d 2C020000 		.4byte	.LASF34
 1098 0541 07       		.byte	0x7
 1099 0542 3D       		.byte	0x3d
 1100 0543 00       		.byte	0
 1101              		.section	.debug_abbrev,"",%progbits
 1102              	.Ldebug_abbrev0:
 1103 0000 01       		.uleb128 0x1
 1104 0001 11       		.uleb128 0x11
 1105 0002 01       		.byte	0x1
 1106 0003 25       		.uleb128 0x25
 1107 0004 0E       		.uleb128 0xe
 1108 0005 13       		.uleb128 0x13
ARM GAS  C:\Users\UNIPRO~1\AppData\Local\Temp\ccnzvpXF.s 			page 23


 1109 0006 0B       		.uleb128 0xb
 1110 0007 03       		.uleb128 0x3
 1111 0008 0E       		.uleb128 0xe
 1112 0009 1B       		.uleb128 0x1b
 1113 000a 0E       		.uleb128 0xe
 1114 000b 55       		.uleb128 0x55
 1115 000c 17       		.uleb128 0x17
 1116 000d 11       		.uleb128 0x11
 1117 000e 01       		.uleb128 0x1
 1118 000f 10       		.uleb128 0x10
 1119 0010 17       		.uleb128 0x17
 1120 0011 00       		.byte	0
 1121 0012 00       		.byte	0
 1122 0013 02       		.uleb128 0x2
 1123 0014 24       		.uleb128 0x24
 1124 0015 00       		.byte	0
 1125 0016 0B       		.uleb128 0xb
 1126 0017 0B       		.uleb128 0xb
 1127 0018 3E       		.uleb128 0x3e
 1128 0019 0B       		.uleb128 0xb
 1129 001a 03       		.uleb128 0x3
 1130 001b 0E       		.uleb128 0xe
 1131 001c 00       		.byte	0
 1132 001d 00       		.byte	0
 1133 001e 03       		.uleb128 0x3
 1134 001f 16       		.uleb128 0x16
 1135 0020 00       		.byte	0
 1136 0021 03       		.uleb128 0x3
 1137 0022 0E       		.uleb128 0xe
 1138 0023 3A       		.uleb128 0x3a
 1139 0024 0B       		.uleb128 0xb
 1140 0025 3B       		.uleb128 0x3b
 1141 0026 0B       		.uleb128 0xb
 1142 0027 49       		.uleb128 0x49
 1143 0028 13       		.uleb128 0x13
 1144 0029 00       		.byte	0
 1145 002a 00       		.byte	0
 1146 002b 04       		.uleb128 0x4
 1147 002c 24       		.uleb128 0x24
 1148 002d 00       		.byte	0
 1149 002e 0B       		.uleb128 0xb
 1150 002f 0B       		.uleb128 0xb
 1151 0030 3E       		.uleb128 0x3e
 1152 0031 0B       		.uleb128 0xb
 1153 0032 03       		.uleb128 0x3
 1154 0033 08       		.uleb128 0x8
 1155 0034 00       		.byte	0
 1156 0035 00       		.byte	0
 1157 0036 05       		.uleb128 0x5
 1158 0037 16       		.uleb128 0x16
 1159 0038 00       		.byte	0
 1160 0039 03       		.uleb128 0x3
 1161 003a 0E       		.uleb128 0xe
 1162 003b 3A       		.uleb128 0x3a
 1163 003c 0B       		.uleb128 0xb
 1164 003d 3B       		.uleb128 0x3b
 1165 003e 05       		.uleb128 0x5
ARM GAS  C:\Users\UNIPRO~1\AppData\Local\Temp\ccnzvpXF.s 			page 24


 1166 003f 49       		.uleb128 0x49
 1167 0040 13       		.uleb128 0x13
 1168 0041 00       		.byte	0
 1169 0042 00       		.byte	0
 1170 0043 06       		.uleb128 0x6
 1171 0044 2E       		.uleb128 0x2e
 1172 0045 01       		.byte	0x1
 1173 0046 3F       		.uleb128 0x3f
 1174 0047 19       		.uleb128 0x19
 1175 0048 03       		.uleb128 0x3
 1176 0049 08       		.uleb128 0x8
 1177 004a 3A       		.uleb128 0x3a
 1178 004b 0B       		.uleb128 0xb
 1179 004c 3B       		.uleb128 0x3b
 1180 004d 0B       		.uleb128 0xb
 1181 004e 27       		.uleb128 0x27
 1182 004f 19       		.uleb128 0x19
 1183 0050 49       		.uleb128 0x49
 1184 0051 13       		.uleb128 0x13
 1185 0052 11       		.uleb128 0x11
 1186 0053 01       		.uleb128 0x1
 1187 0054 12       		.uleb128 0x12
 1188 0055 06       		.uleb128 0x6
 1189 0056 40       		.uleb128 0x40
 1190 0057 18       		.uleb128 0x18
 1191 0058 9742     		.uleb128 0x2117
 1192 005a 19       		.uleb128 0x19
 1193 005b 01       		.uleb128 0x1
 1194 005c 13       		.uleb128 0x13
 1195 005d 00       		.byte	0
 1196 005e 00       		.byte	0
 1197 005f 07       		.uleb128 0x7
 1198 0060 05       		.uleb128 0x5
 1199 0061 00       		.byte	0
 1200 0062 03       		.uleb128 0x3
 1201 0063 08       		.uleb128 0x8
 1202 0064 3A       		.uleb128 0x3a
 1203 0065 0B       		.uleb128 0xb
 1204 0066 3B       		.uleb128 0x3b
 1205 0067 0B       		.uleb128 0xb
 1206 0068 49       		.uleb128 0x49
 1207 0069 13       		.uleb128 0x13
 1208 006a 02       		.uleb128 0x2
 1209 006b 17       		.uleb128 0x17
 1210 006c 00       		.byte	0
 1211 006d 00       		.byte	0
 1212 006e 08       		.uleb128 0x8
 1213 006f 05       		.uleb128 0x5
 1214 0070 00       		.byte	0
 1215 0071 03       		.uleb128 0x3
 1216 0072 08       		.uleb128 0x8
 1217 0073 3A       		.uleb128 0x3a
 1218 0074 0B       		.uleb128 0xb
 1219 0075 3B       		.uleb128 0x3b
 1220 0076 0B       		.uleb128 0xb
 1221 0077 49       		.uleb128 0x49
 1222 0078 13       		.uleb128 0x13
ARM GAS  C:\Users\UNIPRO~1\AppData\Local\Temp\ccnzvpXF.s 			page 25


 1223 0079 02       		.uleb128 0x2
 1224 007a 18       		.uleb128 0x18
 1225 007b 00       		.byte	0
 1226 007c 00       		.byte	0
 1227 007d 09       		.uleb128 0x9
 1228 007e 34       		.uleb128 0x34
 1229 007f 00       		.byte	0
 1230 0080 03       		.uleb128 0x3
 1231 0081 08       		.uleb128 0x8
 1232 0082 3A       		.uleb128 0x3a
 1233 0083 0B       		.uleb128 0xb
 1234 0084 3B       		.uleb128 0x3b
 1235 0085 0B       		.uleb128 0xb
 1236 0086 49       		.uleb128 0x49
 1237 0087 13       		.uleb128 0x13
 1238 0088 02       		.uleb128 0x2
 1239 0089 17       		.uleb128 0x17
 1240 008a 00       		.byte	0
 1241 008b 00       		.byte	0
 1242 008c 0A       		.uleb128 0xa
 1243 008d 0F       		.uleb128 0xf
 1244 008e 00       		.byte	0
 1245 008f 0B       		.uleb128 0xb
 1246 0090 0B       		.uleb128 0xb
 1247 0091 49       		.uleb128 0x49
 1248 0092 13       		.uleb128 0x13
 1249 0093 00       		.byte	0
 1250 0094 00       		.byte	0
 1251 0095 0B       		.uleb128 0xb
 1252 0096 34       		.uleb128 0x34
 1253 0097 00       		.byte	0
 1254 0098 03       		.uleb128 0x3
 1255 0099 08       		.uleb128 0x8
 1256 009a 3A       		.uleb128 0x3a
 1257 009b 0B       		.uleb128 0xb
 1258 009c 3B       		.uleb128 0x3b
 1259 009d 0B       		.uleb128 0xb
 1260 009e 49       		.uleb128 0x49
 1261 009f 13       		.uleb128 0x13
 1262 00a0 02       		.uleb128 0x2
 1263 00a1 18       		.uleb128 0x18
 1264 00a2 00       		.byte	0
 1265 00a3 00       		.byte	0
 1266 00a4 0C       		.uleb128 0xc
 1267 00a5 34       		.uleb128 0x34
 1268 00a6 00       		.byte	0
 1269 00a7 03       		.uleb128 0x3
 1270 00a8 0E       		.uleb128 0xe
 1271 00a9 3A       		.uleb128 0x3a
 1272 00aa 0B       		.uleb128 0xb
 1273 00ab 3B       		.uleb128 0x3b
 1274 00ac 0B       		.uleb128 0xb
 1275 00ad 49       		.uleb128 0x49
 1276 00ae 13       		.uleb128 0x13
 1277 00af 02       		.uleb128 0x2
 1278 00b0 17       		.uleb128 0x17
 1279 00b1 00       		.byte	0
ARM GAS  C:\Users\UNIPRO~1\AppData\Local\Temp\ccnzvpXF.s 			page 26


 1280 00b2 00       		.byte	0
 1281 00b3 0D       		.uleb128 0xd
 1282 00b4 2E       		.uleb128 0x2e
 1283 00b5 01       		.byte	0x1
 1284 00b6 3F       		.uleb128 0x3f
 1285 00b7 19       		.uleb128 0x19
 1286 00b8 03       		.uleb128 0x3
 1287 00b9 0E       		.uleb128 0xe
 1288 00ba 3A       		.uleb128 0x3a
 1289 00bb 0B       		.uleb128 0xb
 1290 00bc 3B       		.uleb128 0x3b
 1291 00bd 0B       		.uleb128 0xb
 1292 00be 27       		.uleb128 0x27
 1293 00bf 19       		.uleb128 0x19
 1294 00c0 49       		.uleb128 0x49
 1295 00c1 13       		.uleb128 0x13
 1296 00c2 8701     		.uleb128 0x87
 1297 00c4 19       		.uleb128 0x19
 1298 00c5 11       		.uleb128 0x11
 1299 00c6 01       		.uleb128 0x1
 1300 00c7 12       		.uleb128 0x12
 1301 00c8 06       		.uleb128 0x6
 1302 00c9 40       		.uleb128 0x40
 1303 00ca 18       		.uleb128 0x18
 1304 00cb 9742     		.uleb128 0x2117
 1305 00cd 19       		.uleb128 0x19
 1306 00ce 01       		.uleb128 0x1
 1307 00cf 13       		.uleb128 0x13
 1308 00d0 00       		.byte	0
 1309 00d1 00       		.byte	0
 1310 00d2 0E       		.uleb128 0xe
 1311 00d3 34       		.uleb128 0x34
 1312 00d4 00       		.byte	0
 1313 00d5 03       		.uleb128 0x3
 1314 00d6 0E       		.uleb128 0xe
 1315 00d7 3A       		.uleb128 0x3a
 1316 00d8 0B       		.uleb128 0xb
 1317 00d9 3B       		.uleb128 0x3b
 1318 00da 0B       		.uleb128 0xb
 1319 00db 49       		.uleb128 0x49
 1320 00dc 13       		.uleb128 0x13
 1321 00dd 02       		.uleb128 0x2
 1322 00de 18       		.uleb128 0x18
 1323 00df 00       		.byte	0
 1324 00e0 00       		.byte	0
 1325 00e1 0F       		.uleb128 0xf
 1326 00e2 0B       		.uleb128 0xb
 1327 00e3 01       		.byte	0x1
 1328 00e4 11       		.uleb128 0x11
 1329 00e5 01       		.uleb128 0x1
 1330 00e6 12       		.uleb128 0x12
 1331 00e7 06       		.uleb128 0x6
 1332 00e8 01       		.uleb128 0x1
 1333 00e9 13       		.uleb128 0x13
 1334 00ea 00       		.byte	0
 1335 00eb 00       		.byte	0
 1336 00ec 10       		.uleb128 0x10
ARM GAS  C:\Users\UNIPRO~1\AppData\Local\Temp\ccnzvpXF.s 			page 27


 1337 00ed 898201   		.uleb128 0x4109
 1338 00f0 01       		.byte	0x1
 1339 00f1 11       		.uleb128 0x11
 1340 00f2 01       		.uleb128 0x1
 1341 00f3 31       		.uleb128 0x31
 1342 00f4 13       		.uleb128 0x13
 1343 00f5 01       		.uleb128 0x1
 1344 00f6 13       		.uleb128 0x13
 1345 00f7 00       		.byte	0
 1346 00f8 00       		.byte	0
 1347 00f9 11       		.uleb128 0x11
 1348 00fa 8A8201   		.uleb128 0x410a
 1349 00fd 00       		.byte	0
 1350 00fe 02       		.uleb128 0x2
 1351 00ff 18       		.uleb128 0x18
 1352 0100 9142     		.uleb128 0x2111
 1353 0102 18       		.uleb128 0x18
 1354 0103 00       		.byte	0
 1355 0104 00       		.byte	0
 1356 0105 12       		.uleb128 0x12
 1357 0106 898201   		.uleb128 0x4109
 1358 0109 00       		.byte	0
 1359 010a 11       		.uleb128 0x11
 1360 010b 01       		.uleb128 0x1
 1361 010c 31       		.uleb128 0x31
 1362 010d 13       		.uleb128 0x13
 1363 010e 00       		.byte	0
 1364 010f 00       		.byte	0
 1365 0110 13       		.uleb128 0x13
 1366 0111 898201   		.uleb128 0x4109
 1367 0114 01       		.byte	0x1
 1368 0115 11       		.uleb128 0x11
 1369 0116 01       		.uleb128 0x1
 1370 0117 31       		.uleb128 0x31
 1371 0118 13       		.uleb128 0x13
 1372 0119 00       		.byte	0
 1373 011a 00       		.byte	0
 1374 011b 14       		.uleb128 0x14
 1375 011c 01       		.uleb128 0x1
 1376 011d 01       		.byte	0x1
 1377 011e 49       		.uleb128 0x49
 1378 011f 13       		.uleb128 0x13
 1379 0120 01       		.uleb128 0x1
 1380 0121 13       		.uleb128 0x13
 1381 0122 00       		.byte	0
 1382 0123 00       		.byte	0
 1383 0124 15       		.uleb128 0x15
 1384 0125 21       		.uleb128 0x21
 1385 0126 00       		.byte	0
 1386 0127 49       		.uleb128 0x49
 1387 0128 13       		.uleb128 0x13
 1388 0129 2F       		.uleb128 0x2f
 1389 012a 0B       		.uleb128 0xb
 1390 012b 00       		.byte	0
 1391 012c 00       		.byte	0
 1392 012d 16       		.uleb128 0x16
 1393 012e 34       		.uleb128 0x34
ARM GAS  C:\Users\UNIPRO~1\AppData\Local\Temp\ccnzvpXF.s 			page 28


 1394 012f 00       		.byte	0
 1395 0130 03       		.uleb128 0x3
 1396 0131 0E       		.uleb128 0xe
 1397 0132 3A       		.uleb128 0x3a
 1398 0133 0B       		.uleb128 0xb
 1399 0134 3B       		.uleb128 0x3b
 1400 0135 05       		.uleb128 0x5
 1401 0136 49       		.uleb128 0x49
 1402 0137 13       		.uleb128 0x13
 1403 0138 3F       		.uleb128 0x3f
 1404 0139 19       		.uleb128 0x19
 1405 013a 3C       		.uleb128 0x3c
 1406 013b 19       		.uleb128 0x19
 1407 013c 00       		.byte	0
 1408 013d 00       		.byte	0
 1409 013e 17       		.uleb128 0x17
 1410 013f 35       		.uleb128 0x35
 1411 0140 00       		.byte	0
 1412 0141 49       		.uleb128 0x49
 1413 0142 13       		.uleb128 0x13
 1414 0143 00       		.byte	0
 1415 0144 00       		.byte	0
 1416 0145 18       		.uleb128 0x18
 1417 0146 34       		.uleb128 0x34
 1418 0147 00       		.byte	0
 1419 0148 03       		.uleb128 0x3
 1420 0149 0E       		.uleb128 0xe
 1421 014a 3A       		.uleb128 0x3a
 1422 014b 0B       		.uleb128 0xb
 1423 014c 3B       		.uleb128 0x3b
 1424 014d 0B       		.uleb128 0xb
 1425 014e 49       		.uleb128 0x49
 1426 014f 13       		.uleb128 0x13
 1427 0150 3F       		.uleb128 0x3f
 1428 0151 19       		.uleb128 0x19
 1429 0152 02       		.uleb128 0x2
 1430 0153 18       		.uleb128 0x18
 1431 0154 00       		.byte	0
 1432 0155 00       		.byte	0
 1433 0156 19       		.uleb128 0x19
 1434 0157 2E       		.uleb128 0x2e
 1435 0158 00       		.byte	0
 1436 0159 3F       		.uleb128 0x3f
 1437 015a 19       		.uleb128 0x19
 1438 015b 3C       		.uleb128 0x3c
 1439 015c 19       		.uleb128 0x19
 1440 015d 6E       		.uleb128 0x6e
 1441 015e 0E       		.uleb128 0xe
 1442 015f 03       		.uleb128 0x3
 1443 0160 0E       		.uleb128 0xe
 1444 0161 3A       		.uleb128 0x3a
 1445 0162 0B       		.uleb128 0xb
 1446 0163 3B       		.uleb128 0x3b
 1447 0164 0B       		.uleb128 0xb
 1448 0165 00       		.byte	0
 1449 0166 00       		.byte	0
 1450 0167 1A       		.uleb128 0x1a
ARM GAS  C:\Users\UNIPRO~1\AppData\Local\Temp\ccnzvpXF.s 			page 29


 1451 0168 2E       		.uleb128 0x2e
 1452 0169 00       		.byte	0
 1453 016a 3F       		.uleb128 0x3f
 1454 016b 19       		.uleb128 0x19
 1455 016c 3C       		.uleb128 0x3c
 1456 016d 19       		.uleb128 0x19
 1457 016e 6E       		.uleb128 0x6e
 1458 016f 0E       		.uleb128 0xe
 1459 0170 03       		.uleb128 0x3
 1460 0171 0E       		.uleb128 0xe
 1461 0172 3A       		.uleb128 0x3a
 1462 0173 0B       		.uleb128 0xb
 1463 0174 3B       		.uleb128 0x3b
 1464 0175 05       		.uleb128 0x5
 1465 0176 00       		.byte	0
 1466 0177 00       		.byte	0
 1467 0178 00       		.byte	0
 1468              		.section	.debug_loc,"",%progbits
 1469              	.Ldebug_loc0:
 1470              	.LLST0:
 1471 0000 00000000 		.4byte	.LVL0
 1472 0004 06000000 		.4byte	.LVL2
 1473 0008 0100     		.2byte	0x1
 1474 000a 50       		.byte	0x50
 1475 000b 06000000 		.4byte	.LVL2
 1476 000f 1C000000 		.4byte	.LVL6
 1477 0013 0100     		.2byte	0x1
 1478 0015 54       		.byte	0x54
 1479 0016 1C000000 		.4byte	.LVL6
 1480 001a 1E000000 		.4byte	.LFE64
 1481 001e 0400     		.2byte	0x4
 1482 0020 F3       		.byte	0xf3
 1483 0021 01       		.uleb128 0x1
 1484 0022 50       		.byte	0x50
 1485 0023 9F       		.byte	0x9f
 1486 0024 00000000 		.4byte	0
 1487 0028 00000000 		.4byte	0
 1488              	.LLST1:
 1489 002c 04000000 		.4byte	.LVL1
 1490 0030 0A000000 		.4byte	.LVL3
 1491 0034 0200     		.2byte	0x2
 1492 0036 30       		.byte	0x30
 1493 0037 9F       		.byte	0x9f
 1494 0038 0A000000 		.4byte	.LVL3
 1495 003c 1E000000 		.4byte	.LFE64
 1496 0040 0100     		.2byte	0x1
 1497 0042 53       		.byte	0x53
 1498 0043 00000000 		.4byte	0
 1499 0047 00000000 		.4byte	0
 1500              	.LLST2:
 1501 004b 04000000 		.4byte	.LVL1
 1502 004f 0A000000 		.4byte	.LVL3
 1503 0053 0200     		.2byte	0x2
 1504 0055 30       		.byte	0x30
 1505 0056 9F       		.byte	0x9f
 1506 0057 0A000000 		.4byte	.LVL3
 1507 005b 1E000000 		.4byte	.LFE64
ARM GAS  C:\Users\UNIPRO~1\AppData\Local\Temp\ccnzvpXF.s 			page 30


 1508 005f 0100     		.2byte	0x1
 1509 0061 50       		.byte	0x50
 1510 0062 00000000 		.4byte	0
 1511 0066 00000000 		.4byte	0
 1512              	.LLST3:
 1513 006a 00000000 		.4byte	.LVL7
 1514 006e 1A000000 		.4byte	.LVL12
 1515 0072 0100     		.2byte	0x1
 1516 0074 50       		.byte	0x50
 1517 0075 1A000000 		.4byte	.LVL12
 1518 0079 1E000000 		.4byte	.LFE65
 1519 007d 0400     		.2byte	0x4
 1520 007f F3       		.byte	0xf3
 1521 0080 01       		.uleb128 0x1
 1522 0081 50       		.byte	0x50
 1523 0082 9F       		.byte	0x9f
 1524 0083 00000000 		.4byte	0
 1525 0087 00000000 		.4byte	0
 1526              	.LLST4:
 1527 008b 00000000 		.4byte	.LVL7
 1528 008f 06000000 		.4byte	.LVL9
 1529 0093 0100     		.2byte	0x1
 1530 0095 52       		.byte	0x52
 1531 0096 06000000 		.4byte	.LVL9
 1532 009a 1E000000 		.4byte	.LFE65
 1533 009e 0400     		.2byte	0x4
 1534 00a0 F3       		.byte	0xf3
 1535 00a1 01       		.uleb128 0x1
 1536 00a2 52       		.byte	0x52
 1537 00a3 9F       		.byte	0x9f
 1538 00a4 00000000 		.4byte	0
 1539 00a8 00000000 		.4byte	0
 1540              	.LLST5:
 1541 00ac 02000000 		.4byte	.LVL8
 1542 00b0 06000000 		.4byte	.LVL9
 1543 00b4 0200     		.2byte	0x2
 1544 00b6 30       		.byte	0x30
 1545 00b7 9F       		.byte	0x9f
 1546 00b8 06000000 		.4byte	.LVL9
 1547 00bc 1E000000 		.4byte	.LFE65
 1548 00c0 0100     		.2byte	0x1
 1549 00c2 53       		.byte	0x53
 1550 00c3 00000000 		.4byte	0
 1551 00c7 00000000 		.4byte	0
 1552              	.LLST6:
 1553 00cb 00000000 		.4byte	.LVL13
 1554 00cf 20000000 		.4byte	.LVL20
 1555 00d3 0100     		.2byte	0x1
 1556 00d5 50       		.byte	0x50
 1557 00d6 20000000 		.4byte	.LVL20
 1558 00da 26000000 		.4byte	.LFE66
 1559 00de 0400     		.2byte	0x4
 1560 00e0 F3       		.byte	0xf3
 1561 00e1 01       		.uleb128 0x1
 1562 00e2 50       		.byte	0x50
 1563 00e3 9F       		.byte	0x9f
 1564 00e4 00000000 		.4byte	0
ARM GAS  C:\Users\UNIPRO~1\AppData\Local\Temp\ccnzvpXF.s 			page 31


 1565 00e8 00000000 		.4byte	0
 1566              	.LLST7:
 1567 00ec 02000000 		.4byte	.LVL14
 1568 00f0 0A000000 		.4byte	.LVL15
 1569 00f4 0200     		.2byte	0x2
 1570 00f6 30       		.byte	0x30
 1571 00f7 9F       		.byte	0x9f
 1572 00f8 0A000000 		.4byte	.LVL15
 1573 00fc 26000000 		.4byte	.LFE66
 1574 0100 0100     		.2byte	0x1
 1575 0102 53       		.byte	0x53
 1576 0103 00000000 		.4byte	0
 1577 0107 00000000 		.4byte	0
 1578              	.LLST8:
 1579 010b 02000000 		.4byte	.LVL14
 1580 010f 0A000000 		.4byte	.LVL15
 1581 0113 0100     		.2byte	0x1
 1582 0115 52       		.byte	0x52
 1583 0116 0A000000 		.4byte	.LVL15
 1584 011a 1C000000 		.4byte	.LVL19
 1585 011e 0100     		.2byte	0x1
 1586 0120 55       		.byte	0x55
 1587 0121 00000000 		.4byte	0
 1588 0125 00000000 		.4byte	0
 1589              	.LLST9:
 1590 0129 02000000 		.4byte	.LVL14
 1591 012d 0A000000 		.4byte	.LVL15
 1592 0131 0200     		.2byte	0x2
 1593 0133 30       		.byte	0x30
 1594 0134 9F       		.byte	0x9f
 1595 0135 0A000000 		.4byte	.LVL15
 1596 0139 24000000 		.4byte	.LVL21
 1597 013d 0100     		.2byte	0x1
 1598 013f 56       		.byte	0x56
 1599 0140 00000000 		.4byte	0
 1600 0144 00000000 		.4byte	0
 1601              	.LLST10:
 1602 0148 20000000 		.4byte	.LVL27
 1603 014c 24000000 		.4byte	.LVL28
 1604 0150 0200     		.2byte	0x2
 1605 0152 30       		.byte	0x30
 1606 0153 9F       		.byte	0x9f
 1607 0154 24000000 		.4byte	.LVL28
 1608 0158 90000000 		.4byte	.LVL40
 1609 015c 0100     		.2byte	0x1
 1610 015e 54       		.byte	0x54
 1611 015f 00000000 		.4byte	0
 1612 0163 00000000 		.4byte	0
 1613              		.section	.debug_aranges,"",%progbits
 1614 0000 34000000 		.4byte	0x34
 1615 0004 0200     		.2byte	0x2
 1616 0006 00000000 		.4byte	.Ldebug_info0
 1617 000a 04       		.byte	0x4
 1618 000b 00       		.byte	0
 1619 000c 0000     		.2byte	0
 1620 000e 0000     		.2byte	0
 1621 0010 00000000 		.4byte	.LFB64
ARM GAS  C:\Users\UNIPRO~1\AppData\Local\Temp\ccnzvpXF.s 			page 32


 1622 0014 1E000000 		.4byte	.LFE64-.LFB64
 1623 0018 00000000 		.4byte	.LFB65
 1624 001c 1E000000 		.4byte	.LFE65-.LFB65
 1625 0020 00000000 		.4byte	.LFB66
 1626 0024 26000000 		.4byte	.LFE66-.LFB66
 1627 0028 00000000 		.4byte	.LFB67
 1628 002c 18010000 		.4byte	.LFE67-.LFB67
 1629 0030 00000000 		.4byte	0
 1630 0034 00000000 		.4byte	0
 1631              		.section	.debug_ranges,"",%progbits
 1632              	.Ldebug_ranges0:
 1633 0000 00000000 		.4byte	.LFB64
 1634 0004 1E000000 		.4byte	.LFE64
 1635 0008 00000000 		.4byte	.LFB65
 1636 000c 1E000000 		.4byte	.LFE65
 1637 0010 00000000 		.4byte	.LFB66
 1638 0014 26000000 		.4byte	.LFE66
 1639 0018 00000000 		.4byte	.LFB67
 1640 001c 18010000 		.4byte	.LFE67
 1641 0020 00000000 		.4byte	0
 1642 0024 00000000 		.4byte	0
 1643              		.section	.debug_line,"",%progbits
 1644              	.Ldebug_line0:
 1645 0000 B2020000 		.section	.debug_str,"MS",%progbits,1
 1645      0200FF01 
 1645      00000201 
 1645      FB0E0D00 
 1645      01010101 
 1646              	.LASF6:
 1647 0000 6C6F6E67 		.ascii	"long long int\000"
 1647      206C6F6E 
 1647      6720696E 
 1647      7400
 1648              	.LASF19:
 1649 000e 64617461 		.ascii	"datapin\000"
 1649      70696E00 
 1650              	.LASF30:
 1651 0016 55415254 		.ascii	"UART_1_Start\000"
 1651      5F315F53 
 1651      74617274 
 1651      00
 1652              	.LASF17:
 1653 0023 636F6E6E 		.ascii	"conn_sensors\000"
 1653      5F73656E 
 1653      736F7273 
 1653      00
 1654              	.LASF9:
 1655 0030 5F5F696E 		.ascii	"__int32_t\000"
 1655      7433325F 
 1655      7400
 1656              	.LASF13:
 1657 003a 646F7562 		.ascii	"double\000"
 1657      6C6500
 1658              	.LASF12:
 1659 0041 666C6F61 		.ascii	"float\000"
 1659      7400
 1660              	.LASF0:
ARM GAS  C:\Users\UNIPRO~1\AppData\Local\Temp\ccnzvpXF.s 			page 33


 1661 0047 7369676E 		.ascii	"signed char\000"
 1661      65642063 
 1661      68617200 
 1662              	.LASF1:
 1663 0053 756E7369 		.ascii	"unsigned char\000"
 1663      676E6564 
 1663      20636861 
 1663      7200
 1664              	.LASF35:
 1665 0061 474E5520 		.ascii	"GNU C11 5.4.1 20160609 (release) [ARM/embedded-5-br"
 1665      43313120 
 1665      352E342E 
 1665      31203230 
 1665      31363036 
 1666 0094 616E6368 		.ascii	"anch revision 237715] -mcpu=cortex-m3 -mthumb -g -O"
 1666      20726576 
 1666      6973696F 
 1666      6E203233 
 1666      37373135 
 1667 00c7 67202D66 		.ascii	"g -ffunction-sections -ffat-lto-objects\000"
 1667      66756E63 
 1667      74696F6E 
 1667      2D736563 
 1667      74696F6E 
 1668              	.LASF22:
 1669 00ef 414D7578 		.ascii	"AMux_1_FastSelect\000"
 1669      5F315F46 
 1669      61737453 
 1669      656C6563 
 1669      7400
 1670              	.LASF3:
 1671 0101 73686F72 		.ascii	"short unsigned int\000"
 1671      7420756E 
 1671      7369676E 
 1671      65642069 
 1671      6E7400
 1672              	.LASF21:
 1673 0114 54585F44 		.ascii	"TX_DATA\000"
 1673      41544100 
 1674              	.LASF20:
 1675 011c 49544D5F 		.ascii	"ITM_RxBuffer\000"
 1675      52784275 
 1675      66666572 
 1675      00
 1676              	.LASF5:
 1677 0129 6C6F6E67 		.ascii	"long unsigned int\000"
 1677      20756E73 
 1677      69676E65 
 1677      6420696E 
 1677      7400
 1678              	.LASF29:
 1679 013b 43414E5F 		.ascii	"CAN_1_SendMsg0\000"
 1679      315F5365 
 1679      6E644D73 
 1679      673000
 1680              	.LASF11:
 1681 014a 75696E74 		.ascii	"uint16\000"
ARM GAS  C:\Users\UNIPRO~1\AppData\Local\Temp\ccnzvpXF.s 			page 34


 1681      313600
 1682              	.LASF38:
 1683 0151 6D61696E 		.ascii	"main\000"
 1683      00
 1684              	.LASF24:
 1685 0156 4144435F 		.ascii	"ADC_DelSig_1_GetResult16\000"
 1685      44656C53 
 1685      69675F31 
 1685      5F476574 
 1685      52657375 
 1686              	.LASF31:
 1687 016f 4144435F 		.ascii	"ADC_DelSig_1_Start\000"
 1687      44656C53 
 1687      69675F31 
 1687      5F537461 
 1687      727400
 1688              	.LASF8:
 1689 0182 756E7369 		.ascii	"unsigned int\000"
 1689      676E6564 
 1689      20696E74 
 1689      00
 1690              	.LASF25:
 1691 018f 4144435F 		.ascii	"ADC_DelSig_1_CountsTo_mVolts\000"
 1691      44656C53 
 1691      69675F31 
 1691      5F436F75 
 1691      6E747354 
 1692              	.LASF7:
 1693 01ac 6C6F6E67 		.ascii	"long long unsigned int\000"
 1693      206C6F6E 
 1693      6720756E 
 1693      7369676E 
 1693      65642069 
 1694              	.LASF10:
 1695 01c3 696E7433 		.ascii	"int32_t\000"
 1695      325F7400 
 1696              	.LASF18:
 1697 01cb 5472616E 		.ascii	"TransmitBuffer\000"
 1697      736D6974 
 1697      42756666 
 1697      657200
 1698              	.LASF16:
 1699 01da 73697A65 		.ascii	"sizetype\000"
 1699      74797065 
 1699      00
 1700              	.LASF32:
 1701 01e3 414D7578 		.ascii	"AMux_1_Start\000"
 1701      5F315F53 
 1701      74617274 
 1701      00
 1702              	.LASF36:
 1703 01f0 6D61696E 		.ascii	"main.c\000"
 1703      2E6300
 1704              	.LASF14:
 1705 01f7 63686172 		.ascii	"char\000"
 1705      00
 1706              	.LASF2:
ARM GAS  C:\Users\UNIPRO~1\AppData\Local\Temp\ccnzvpXF.s 			page 35


 1707 01fc 73686F72 		.ascii	"short int\000"
 1707      7420696E 
 1707      7400
 1708              	.LASF23:
 1709 0206 4144435F 		.ascii	"ADC_DelSig_1_IsEndConversion\000"
 1709      44656C53 
 1709      69675F31 
 1709      5F497345 
 1709      6E64436F 
 1710              	.LASF4:
 1711 0223 6C6F6E67 		.ascii	"long int\000"
 1711      20696E74 
 1711      00
 1712              	.LASF34:
 1713 022c 4144435F 		.ascii	"ADC_DelSig_1_StartConvert\000"
 1713      44656C53 
 1713      69675F31 
 1713      5F537461 
 1713      7274436F 
 1714              	.LASF15:
 1715 0246 6C6F6E67 		.ascii	"long double\000"
 1715      20646F75 
 1715      626C6500 
 1716              	.LASF33:
 1717 0252 43414E5F 		.ascii	"CAN_1_Start\000"
 1717      315F5374 
 1717      61727400 
 1718              	.LASF37:
 1719 025e 433A5C55 		.ascii	"C:\\Users\\UniPrograms\\Documents\\PSoC Creator\\MU"
 1719      73657273 
 1719      5C556E69 
 1719      50726F67 
 1719      72616D73 
 1720 028c 525C564F 		.ascii	"R\\VOLTCANPERIPH.cydsn\000"
 1720      4C544341 
 1720      4E504552 
 1720      4950482E 
 1720      63796473 
 1721              	.LASF27:
 1722 02a2 55415254 		.ascii	"UART_1_PutString\000"
 1722      5F315F50 
 1722      75745374 
 1722      72696E67 
 1722      00
 1723              	.LASF26:
 1724 02b3 73707269 		.ascii	"sprintf\000"
 1724      6E746600 
 1725              	.LASF28:
 1726 02bb 43794465 		.ascii	"CyDelay\000"
 1726      6C617900 
 1727              		.ident	"GCC: (GNU Tools for ARM Embedded Processors) 5.4.1 20160609 (release) [ARM/embedded-5-bran
